<?xml version="1.0" encoding="UTF-8" standalone="yes"?><!DOCTYPE report PUBLIC "-//JACOCO//DTD Report 1.0//EN" "report.dtd"><report name="JaCoCoverage analysis (powered by JaCoCo from EclEmma)"><sessioninfo id="John-PC-9c247159" start="1428038040664" dump="1428038041468"/><package name="deliverable"><class name="deliverable/SearchItem"><method name="&lt;init&gt;" desc="()V" line="14"><counter type="INSTRUCTION" missed="7" covered="166"/><counter type="BRANCH" missed="0" covered="6"/><counter type="LINE" missed="4" covered="17"/><counter type="COMPLEXITY" missed="0" covered="4"/><counter type="METHOD" missed="0" covered="1"/></method><method name="getItem" desc="(Ljava/lang/String;)Ldeliverable/Item;" line="59"><counter type="INSTRUCTION" missed="2" covered="24"/><counter type="BRANCH" missed="1" covered="3"/><counter type="LINE" missed="1" covered="3"/><counter type="COMPLEXITY" missed="1" covered="2"/><counter type="METHOD" missed="0" covered="1"/></method><counter type="INSTRUCTION" missed="9" covered="190"/><counter type="BRANCH" missed="1" covered="9"/><counter type="LINE" missed="5" covered="20"/><counter type="COMPLEXITY" missed="1" covered="6"/><counter type="METHOD" missed="0" covered="2"/><counter type="CLASS" missed="0" covered="1"/></class><class name="deliverable/SearchChampion"><method name="&lt;init&gt;" desc="()V" line="12"><counter type="INSTRUCTION" missed="7" covered="203"/><counter type="BRANCH" missed="0" covered="6"/><counter type="LINE" missed="4" covered="18"/><counter type="COMPLEXITY" missed="0" covered="4"/><counter type="METHOD" missed="0" covered="1"/></method><method name="getChampion" desc="(Ljava/lang/String;)Ldeliverable/Champion;" line="61"><counter type="INSTRUCTION" missed="2" covered="24"/><counter type="BRANCH" missed="1" covered="3"/><counter type="LINE" missed="1" covered="3"/><counter type="COMPLEXITY" missed="1" covered="2"/><counter type="METHOD" missed="0" covered="1"/></method><counter type="INSTRUCTION" missed="9" covered="227"/><counter type="BRANCH" missed="1" covered="9"/><counter type="LINE" missed="5" covered="21"/><counter type="COMPLEXITY" missed="1" covered="6"/><counter type="METHOD" missed="0" covered="2"/><counter type="CLASS" missed="0" covered="1"/></class><class name="deliverable/Item"><method name="&lt;init&gt;" desc="()V" line="11"><counter type="INSTRUCTION" missed="0" covered="36"/><counter type="LINE" missed="0" covered="13"/><counter type="COMPLEXITY" missed="0" covered="1"/><counter type="METHOD" missed="0" covered="1"/></method><method name="&lt;init&gt;" desc="(Ljava/lang/String;DDDDDDDDI)V" line="25"><counter type="INSTRUCTION" missed="0" covered="33"/><counter type="LINE" missed="0" covered="12"/><counter type="COMPLEXITY" missed="0" covered="1"/><counter type="METHOD" missed="0" covered="1"/></method><method name="getStats" desc="()[Ljava/lang/String;" line="40"><counter type="INSTRUCTION" missed="0" covered="101"/><counter type="LINE" missed="0" covered="2"/><counter type="COMPLEXITY" missed="0" covered="1"/><counter type="METHOD" missed="0" covered="1"/></method><method name="getString" desc="(D)Ljava/lang/String;" line="48"><counter type="INSTRUCTION" missed="0" covered="9"/><counter type="LINE" missed="0" covered="1"/><counter type="COMPLEXITY" missed="0" covered="1"/><counter type="METHOD" missed="0" covered="1"/></method><method name="getString" desc="(I)Ljava/lang/String;" line="52"><counter type="INSTRUCTION" missed="0" covered="9"/><counter type="LINE" missed="0" covered="1"/><counter type="COMPLEXITY" missed="0" covered="1"/><counter type="METHOD" missed="0" covered="1"/></method><method name="picLocation" desc="()Ljava/lang/String;" line="56"><counter type="INSTRUCTION" missed="0" covered="17"/><counter type="LINE" missed="0" covered="2"/><counter type="COMPLEXITY" missed="0" covered="1"/><counter type="METHOD" missed="0" covered="1"/></method><method name="getName" desc="()Ljava/lang/String;" line="61"><counter type="INSTRUCTION" missed="0" covered="3"/><counter type="LINE" missed="0" covered="1"/><counter type="COMPLEXITY" missed="0" covered="1"/><counter type="METHOD" missed="0" covered="1"/></method><method name="getAD" desc="()I" line="65"><counter type="INSTRUCTION" missed="0" covered="12"/><counter type="LINE" missed="0" covered="1"/><counter type="COMPLEXITY" missed="0" covered="1"/><counter type="METHOD" missed="0" covered="1"/></method><method name="getAR" desc="()I" line="68"><counter type="INSTRUCTION" missed="0" covered="12"/><counter type="LINE" missed="0" covered="1"/><counter type="COMPLEXITY" missed="0" covered="1"/><counter type="METHOD" missed="0" covered="1"/></method><method name="getMR" desc="()I" line="71"><counter type="INSTRUCTION" missed="0" covered="12"/><counter type="LINE" missed="0" covered="1"/><counter type="COMPLEXITY" missed="0" covered="1"/><counter type="METHOD" missed="0" covered="1"/></method><counter type="INSTRUCTION" missed="0" covered="244"/><counter type="LINE" missed="0" covered="35"/><counter type="COMPLEXITY" missed="0" covered="10"/><counter type="METHOD" missed="0" covered="10"/><counter type="CLASS" missed="0" covered="1"/></class><class name="deliverable/InitialFrame$11"><method name="&lt;init&gt;" desc="(Ldeliverable/InitialFrame;Ljavax/swing/JPanel;Ljavax/swing/JPanel;)V" line="412"><counter type="INSTRUCTION" missed="0" covered="12"/><counter type="LINE" missed="0" covered="1"/><counter type="COMPLEXITY" missed="0" covered="1"/><counter type="METHOD" missed="0" covered="1"/></method><method name="mouseClicked" desc="(Ljava/awt/event/MouseEvent;)V" line="414"><counter type="INSTRUCTION" missed="9" covered="0"/><counter type="LINE" missed="3" covered="0"/><counter type="COMPLEXITY" missed="1" covered="0"/><counter type="METHOD" missed="1" covered="0"/></method><counter type="INSTRUCTION" missed="9" covered="12"/><counter type="LINE" missed="3" covered="1"/><counter type="COMPLEXITY" missed="1" covered="1"/><counter type="METHOD" missed="1" covered="1"/><counter type="CLASS" missed="0" covered="1"/></class><class name="deliverable/InitialFrame$10"><method name="&lt;init&gt;" desc="(Ldeliverable/InitialFrame;Ljavax/swing/JPanel;Ljavax/swing/JPanel;)V" line="398"><counter type="INSTRUCTION" missed="0" covered="12"/><counter type="LINE" missed="0" covered="1"/><counter type="COMPLEXITY" missed="0" covered="1"/><counter type="METHOD" missed="0" covered="1"/></method><method name="actionPerformed" desc="(Ljava/awt/event/ActionEvent;)V" line="400"><counter type="INSTRUCTION" missed="9" covered="0"/><counter type="LINE" missed="3" covered="0"/><counter type="COMPLEXITY" missed="1" covered="0"/><counter type="METHOD" missed="1" covered="0"/></method><counter type="INSTRUCTION" missed="9" covered="12"/><counter type="LINE" missed="3" covered="1"/><counter type="COMPLEXITY" missed="1" covered="1"/><counter type="METHOD" missed="1" covered="1"/><counter type="CLASS" missed="0" covered="1"/></class><class name="deliverable/InitialFrame$13"><method name="&lt;init&gt;" desc="(Ldeliverable/InitialFrame;Ljavax/swing/JLabel;)V" line="622"><counter type="INSTRUCTION" missed="0" covered="9"/><counter type="LINE" missed="0" covered="1"/><counter type="COMPLEXITY" missed="0" covered="1"/><counter type="METHOD" missed="0" covered="1"/></method><method name="mouseClicked" desc="(Ljava/awt/event/MouseEvent;)V" line="626"><counter type="INSTRUCTION" missed="15" covered="0"/><counter type="LINE" missed="3" covered="0"/><counter type="COMPLEXITY" missed="1" covered="0"/><counter type="METHOD" missed="1" covered="0"/></method><counter type="INSTRUCTION" missed="15" covered="9"/><counter type="LINE" missed="3" covered="1"/><counter type="COMPLEXITY" missed="1" covered="1"/><counter type="METHOD" missed="1" covered="1"/><counter type="CLASS" missed="0" covered="1"/></class><class name="deliverable/InitialFrame$12"><method name="&lt;init&gt;" desc="(Ldeliverable/InitialFrame;Ljavax/swing/JLabel;Ljavax/swing/JPanel;)V" line="436"><counter type="INSTRUCTION" missed="0" covered="18"/><counter type="LINE" missed="0" covered="2"/><counter type="COMPLEXITY" missed="0" covered="1"/><counter type="METHOD" missed="0" covered="1"/></method><method name="mouseClicked" desc="(Ljava/awt/event/MouseEvent;)V" line="441"><counter type="INSTRUCTION" missed="140" covered="0"/><counter type="BRANCH" missed="2" covered="0"/><counter type="LINE" missed="24" covered="0"/><counter type="COMPLEXITY" missed="2" covered="0"/><counter type="METHOD" missed="1" covered="0"/></method><counter type="INSTRUCTION" missed="140" covered="18"/><counter type="BRANCH" missed="2" covered="0"/><counter type="LINE" missed="24" covered="2"/><counter type="COMPLEXITY" missed="2" covered="1"/><counter type="METHOD" missed="1" covered="1"/><counter type="CLASS" missed="0" covered="1"/></class><class name="deliverable/Main"><method name="&lt;init&gt;" desc="()V" line="5"><counter type="INSTRUCTION" missed="3" covered="0"/><counter type="LINE" missed="1" covered="0"/><counter type="COMPLEXITY" missed="1" covered="0"/><counter type="METHOD" missed="1" covered="0"/></method><method name="main" desc="([Ljava/lang/String;)V" line="10"><counter type="INSTRUCTION" missed="1" covered="0"/><counter type="LINE" missed="1" covered="0"/><counter type="COMPLEXITY" missed="1" covered="0"/><counter type="METHOD" missed="1" covered="0"/></method><counter type="INSTRUCTION" missed="4" covered="0"/><counter type="LINE" missed="2" covered="0"/><counter type="COMPLEXITY" missed="2" covered="0"/><counter type="METHOD" missed="2" covered="0"/><counter type="CLASS" missed="1" covered="0"/></class><class name="deliverable/ItemCompare"><method name="&lt;init&gt;" desc="(Ldeliverable/Item;)V" line="26"><counter type="INSTRUCTION" missed="0" covered="155"/><counter type="LINE" missed="0" covered="31"/><counter type="COMPLEXITY" missed="0" covered="1"/><counter type="METHOD" missed="0" covered="1"/></method><method name="compareChamps" desc="(Ldeliverable/Item;)V" line="125"><counter type="INSTRUCTION" missed="473" covered="0"/><counter type="LINE" missed="65" covered="0"/><counter type="COMPLEXITY" missed="1" covered="0"/><counter type="METHOD" missed="1" covered="0"/></method><counter type="INSTRUCTION" missed="473" covered="155"/><counter type="LINE" missed="65" covered="31"/><counter type="COMPLEXITY" missed="1" covered="1"/><counter type="METHOD" missed="1" covered="1"/><counter type="CLASS" missed="0" covered="1"/></class><class name="deliverable/InitialFrame$15"><method name="&lt;init&gt;" desc="(Ldeliverable/InitialFrame;Ljavax/swing/JPanel;Ljavax/swing/JPanel;)V" line="663"><counter type="INSTRUCTION" missed="0" covered="12"/><counter type="LINE" missed="0" covered="1"/><counter type="COMPLEXITY" missed="0" covered="1"/><counter type="METHOD" missed="0" covered="1"/></method><method name="mouseClicked" desc="(Ljava/awt/event/MouseEvent;)V" line="667"><counter type="INSTRUCTION" missed="9" covered="0"/><counter type="LINE" missed="3" covered="0"/><counter type="COMPLEXITY" missed="1" covered="0"/><counter type="METHOD" missed="1" covered="0"/></method><counter type="INSTRUCTION" missed="9" covered="12"/><counter type="LINE" missed="3" covered="1"/><counter type="COMPLEXITY" missed="1" covered="1"/><counter type="METHOD" missed="1" covered="1"/><counter type="CLASS" missed="0" covered="1"/></class><class name="deliverable/InitialFrame$14"><method name="&lt;init&gt;" desc="(Ldeliverable/InitialFrame;Ljavax/swing/JPanel;Ljavax/swing/JPanel;)V" line="644"><counter type="INSTRUCTION" missed="0" covered="12"/><counter type="LINE" missed="0" covered="1"/><counter type="COMPLEXITY" missed="0" covered="1"/><counter type="METHOD" missed="0" covered="1"/></method><method name="mouseClicked" desc="(Ljava/awt/event/MouseEvent;)V" line="649"><counter type="INSTRUCTION" missed="9" covered="0"/><counter type="LINE" missed="3" covered="0"/><counter type="COMPLEXITY" missed="1" covered="0"/><counter type="METHOD" missed="1" covered="0"/></method><counter type="INSTRUCTION" missed="9" covered="12"/><counter type="LINE" missed="3" covered="1"/><counter type="COMPLEXITY" missed="1" covered="1"/><counter type="METHOD" missed="1" covered="1"/><counter type="CLASS" missed="0" covered="1"/></class><class name="deliverable/InitialFrame"><method name="main" desc="([Ljava/lang/String;)V" line="88"><counter type="INSTRUCTION" missed="5" covered="0"/><counter type="LINE" missed="2" covered="0"/><counter type="COMPLEXITY" missed="1" covered="0"/><counter type="METHOD" missed="1" covered="0"/></method><method name="&lt;init&gt;" desc="()V" line="56"><counter type="INSTRUCTION" missed="0" covered="18"/><counter type="LINE" missed="0" covered="6"/><counter type="COMPLEXITY" missed="0" covered="1"/><counter type="METHOD" missed="0" covered="1"/></method><method name="initialize" desc="()V" line="111"><counter type="INSTRUCTION" missed="0" covered="2310"/><counter type="LINE" missed="0" covered="451"/><counter type="COMPLEXITY" missed="0" covered="1"/><counter type="METHOD" missed="0" covered="1"/></method><counter type="INSTRUCTION" missed="5" covered="2328"/><counter type="LINE" missed="2" covered="457"/><counter type="COMPLEXITY" missed="1" covered="2"/><counter type="METHOD" missed="1" covered="2"/><counter type="CLASS" missed="0" covered="1"/></class><class name="deliverable/InitialFrame$2"><method name="&lt;init&gt;" desc="(Ldeliverable/InitialFrame;Ljavax/swing/JPanel;Ljavax/swing/JPanel;)V" line="157"><counter type="INSTRUCTION" missed="0" covered="12"/><counter type="LINE" missed="0" covered="1"/><counter type="COMPLEXITY" missed="0" covered="1"/><counter type="METHOD" missed="0" covered="1"/></method><method name="mouseClicked" desc="(Ljava/awt/event/MouseEvent;)V" line="162"><counter type="INSTRUCTION" missed="9" covered="0"/><counter type="LINE" missed="3" covered="0"/><counter type="COMPLEXITY" missed="1" covered="0"/><counter type="METHOD" missed="1" covered="0"/></method><counter type="INSTRUCTION" missed="9" covered="12"/><counter type="LINE" missed="3" covered="1"/><counter type="COMPLEXITY" missed="1" covered="1"/><counter type="METHOD" missed="1" covered="1"/><counter type="CLASS" missed="0" covered="1"/></class><class name="deliverable/InitialFrame$1"><method name="&lt;init&gt;" desc="()V" line="88"><counter type="INSTRUCTION" missed="3" covered="0"/><counter type="LINE" missed="1" covered="0"/><counter type="COMPLEXITY" missed="1" covered="0"/><counter type="METHOD" missed="1" covered="0"/></method><method name="run" desc="()V" line="93"><counter type="INSTRUCTION" missed="13" covered="0"/><counter type="LINE" missed="6" covered="0"/><counter type="COMPLEXITY" missed="1" covered="0"/><counter type="METHOD" missed="1" covered="0"/></method><counter type="INSTRUCTION" missed="16" covered="0"/><counter type="LINE" missed="7" covered="0"/><counter type="COMPLEXITY" missed="2" covered="0"/><counter type="METHOD" missed="2" covered="0"/><counter type="CLASS" missed="1" covered="0"/></class><class name="deliverable/Champion"><method name="&lt;init&gt;" desc="()V" line="20"><counter type="INSTRUCTION" missed="0" covered="42"/><counter type="LINE" missed="0" covered="15"/><counter type="COMPLEXITY" missed="0" covered="1"/><counter type="METHOD" missed="0" covered="1"/></method><method name="&lt;init&gt;" desc="(Ljava/lang/String;DDDDDDDDDDII)V" line="37"><counter type="INSTRUCTION" missed="0" covered="42"/><counter type="LINE" missed="0" covered="15"/><counter type="COMPLEXITY" missed="0" covered="1"/><counter type="METHOD" missed="0" covered="1"/></method><method name="getStats" desc="()[Ljava/lang/String;" line="54"><counter type="INSTRUCTION" missed="0" covered="94"/><counter type="LINE" missed="0" covered="2"/><counter type="COMPLEXITY" missed="0" covered="1"/><counter type="METHOD" missed="0" covered="1"/></method><method name="getString" desc="(D)Ljava/lang/String;" line="62"><counter type="INSTRUCTION" missed="0" covered="9"/><counter type="LINE" missed="0" covered="1"/><counter type="COMPLEXITY" missed="0" covered="1"/><counter type="METHOD" missed="0" covered="1"/></method><method name="getString" desc="(I)Ljava/lang/String;" line="66"><counter type="INSTRUCTION" missed="0" covered="9"/><counter type="LINE" missed="0" covered="1"/><counter type="COMPLEXITY" missed="0" covered="1"/><counter type="METHOD" missed="0" covered="1"/></method><method name="picLocation" desc="()Ljava/lang/String;" line="70"><counter type="INSTRUCTION" missed="0" covered="21"/><counter type="LINE" missed="0" covered="2"/><counter type="COMPLEXITY" missed="0" covered="1"/><counter type="METHOD" missed="0" covered="1"/></method><method name="getName" desc="()Ljava/lang/String;" line="75"><counter type="INSTRUCTION" missed="0" covered="3"/><counter type="LINE" missed="0" covered="1"/><counter type="COMPLEXITY" missed="0" covered="1"/><counter type="METHOD" missed="0" covered="1"/></method><method name="getAD" desc="(I)I" line="79"><counter type="INSTRUCTION" missed="0" covered="22"/><counter type="LINE" missed="0" covered="2"/><counter type="COMPLEXITY" missed="0" covered="1"/><counter type="METHOD" missed="0" covered="1"/></method><method name="getAR" desc="(I)I" line="83"><counter type="INSTRUCTION" missed="0" covered="22"/><counter type="LINE" missed="0" covered="2"/><counter type="COMPLEXITY" missed="0" covered="1"/><counter type="METHOD" missed="0" covered="1"/></method><method name="getMR" desc="(I)I" line="87"><counter type="INSTRUCTION" missed="0" covered="22"/><counter type="LINE" missed="0" covered="2"/><counter type="COMPLEXITY" missed="0" covered="1"/><counter type="METHOD" missed="0" covered="1"/></method><counter type="INSTRUCTION" missed="0" covered="286"/><counter type="LINE" missed="0" covered="43"/><counter type="COMPLEXITY" missed="0" covered="10"/><counter type="METHOD" missed="0" covered="10"/><counter type="CLASS" missed="0" covered="1"/></class><class name="deliverable/ChampionCompare"><method name="&lt;init&gt;" desc="(Ldeliverable/Champion;)V" line="28"><counter type="INSTRUCTION" missed="0" covered="193"/><counter type="LINE" missed="0" covered="38"/><counter type="COMPLEXITY" missed="0" covered="1"/><counter type="METHOD" missed="0" covered="1"/></method><method name="compareChamps" desc="(Ldeliverable/Champion;I)V" line="131"><counter type="INSTRUCTION" missed="681" covered="0"/><counter type="BRANCH" missed="4" covered="0"/><counter type="LINE" missed="84" covered="0"/><counter type="COMPLEXITY" missed="3" covered="0"/><counter type="METHOD" missed="1" covered="0"/></method><counter type="INSTRUCTION" missed="681" covered="193"/><counter type="BRANCH" missed="4" covered="0"/><counter type="LINE" missed="84" covered="38"/><counter type="COMPLEXITY" missed="3" covered="1"/><counter type="METHOD" missed="1" covered="1"/><counter type="CLASS" missed="0" covered="1"/></class><class name="deliverable/InitialFrame$16"><method name="&lt;init&gt;" desc="(Ldeliverable/InitialFrame;Ljavax/swing/JPanel;Ljavax/swing/JPanel;)V" line="680"><counter type="INSTRUCTION" missed="0" covered="12"/><counter type="LINE" missed="0" covered="1"/><counter type="COMPLEXITY" missed="0" covered="1"/><counter type="METHOD" missed="0" covered="1"/></method><method name="mouseClicked" desc="(Ljava/awt/event/MouseEvent;)V" line="684"><counter type="INSTRUCTION" missed="9" covered="0"/><counter type="LINE" missed="3" covered="0"/><counter type="COMPLEXITY" missed="1" covered="0"/><counter type="METHOD" missed="1" covered="0"/></method><counter type="INSTRUCTION" missed="9" covered="12"/><counter type="LINE" missed="3" covered="1"/><counter type="COMPLEXITY" missed="1" covered="1"/><counter type="METHOD" missed="1" covered="1"/><counter type="CLASS" missed="0" covered="1"/></class><class name="deliverable/InitialFrame$6"><method name="&lt;init&gt;" desc="(Ldeliverable/InitialFrame;Ljavax/swing/JLabel;Ljavax/swing/JPanel;)V" line="238"><counter type="INSTRUCTION" missed="0" covered="18"/><counter type="LINE" missed="0" covered="2"/><counter type="COMPLEXITY" missed="0" covered="1"/><counter type="METHOD" missed="0" covered="1"/></method><method name="mouseClicked" desc="(Ljava/awt/event/MouseEvent;)V" line="243"><counter type="INSTRUCTION" missed="152" covered="0"/><counter type="BRANCH" missed="2" covered="0"/><counter type="LINE" missed="18" covered="0"/><counter type="COMPLEXITY" missed="2" covered="0"/><counter type="METHOD" missed="1" covered="0"/></method><counter type="INSTRUCTION" missed="152" covered="18"/><counter type="BRANCH" missed="2" covered="0"/><counter type="LINE" missed="18" covered="2"/><counter type="COMPLEXITY" missed="2" covered="1"/><counter type="METHOD" missed="1" covered="1"/><counter type="CLASS" missed="0" covered="1"/></class><class name="deliverable/InitialFrame$17"><method name="&lt;init&gt;" desc="(Ldeliverable/InitialFrame;Ljavax/swing/JPanel;)V" line="695"><counter type="INSTRUCTION" missed="0" covered="9"/><counter type="LINE" missed="0" covered="1"/><counter type="COMPLEXITY" missed="0" covered="1"/><counter type="METHOD" missed="0" covered="1"/></method><method name="mouseClicked" desc="(Ljava/awt/event/MouseEvent;)V" line="698"><counter type="INSTRUCTION" missed="5" covered="0"/><counter type="LINE" missed="2" covered="0"/><counter type="COMPLEXITY" missed="1" covered="0"/><counter type="METHOD" missed="1" covered="0"/></method><counter type="INSTRUCTION" missed="5" covered="9"/><counter type="LINE" missed="2" covered="1"/><counter type="COMPLEXITY" missed="1" covered="1"/><counter type="METHOD" missed="1" covered="1"/><counter type="CLASS" missed="0" covered="1"/></class><class name="deliverable/InitialFrame$20"><method name="&lt;init&gt;" desc="(Ldeliverable/InitialFrame;Ljavax/swing/JPanel;Ljavax/swing/JPanel;)V" line="953"><counter type="INSTRUCTION" missed="0" covered="12"/><counter type="LINE" missed="0" covered="1"/><counter type="COMPLEXITY" missed="0" covered="1"/><counter type="METHOD" missed="0" covered="1"/></method><method name="mouseClicked" desc="(Ljava/awt/event/MouseEvent;)V" line="958"><counter type="INSTRUCTION" missed="9" covered="0"/><counter type="LINE" missed="3" covered="0"/><counter type="COMPLEXITY" missed="1" covered="0"/><counter type="METHOD" missed="1" covered="0"/></method><counter type="INSTRUCTION" missed="9" covered="12"/><counter type="LINE" missed="3" covered="1"/><counter type="COMPLEXITY" missed="1" covered="1"/><counter type="METHOD" missed="1" covered="1"/><counter type="CLASS" missed="0" covered="1"/></class><class name="deliverable/InitialFrame$5"><method name="&lt;init&gt;" desc="(Ldeliverable/InitialFrame;Ljavax/swing/JPanel;Ljavax/swing/JPanel;)V" line="210"><counter type="INSTRUCTION" missed="0" covered="12"/><counter type="LINE" missed="0" covered="1"/><counter type="COMPLEXITY" missed="0" covered="1"/><counter type="METHOD" missed="0" covered="1"/></method><method name="mouseClicked" desc="(Ljava/awt/event/MouseEvent;)V" line="214"><counter type="INSTRUCTION" missed="9" covered="0"/><counter type="LINE" missed="3" covered="0"/><counter type="COMPLEXITY" missed="1" covered="0"/><counter type="METHOD" missed="1" covered="0"/></method><counter type="INSTRUCTION" missed="9" covered="12"/><counter type="LINE" missed="3" covered="1"/><counter type="COMPLEXITY" missed="1" covered="1"/><counter type="METHOD" missed="1" covered="1"/><counter type="CLASS" missed="0" covered="1"/></class><class name="deliverable/InitialFrame$18"><method name="&lt;init&gt;" desc="(Ldeliverable/InitialFrame;Ljavax/swing/JTextField;Ljavax/swing/JTextField;Ljavax/swing/JPanel;)V" line="862"><counter type="INSTRUCTION" missed="0" covered="15"/><counter type="LINE" missed="0" covered="1"/><counter type="COMPLEXITY" missed="0" covered="1"/><counter type="METHOD" missed="0" covered="1"/></method><method name="mouseClicked" desc="(Ljava/awt/event/MouseEvent;)V" line="867"><counter type="INSTRUCTION" missed="323" covered="0"/><counter type="BRANCH" missed="12" covered="0"/><counter type="LINE" missed="37" covered="0"/><counter type="COMPLEXITY" missed="7" covered="0"/><counter type="METHOD" missed="1" covered="0"/></method><counter type="INSTRUCTION" missed="323" covered="15"/><counter type="BRANCH" missed="12" covered="0"/><counter type="LINE" missed="37" covered="1"/><counter type="COMPLEXITY" missed="7" covered="1"/><counter type="METHOD" missed="1" covered="1"/><counter type="CLASS" missed="0" covered="1"/></class><class name="deliverable/InitialFrame$21"><method name="&lt;init&gt;" desc="(Ldeliverable/InitialFrame;Ljavax/swing/JPanel;Ljavax/swing/JPanel;)V" line="972"><counter type="INSTRUCTION" missed="0" covered="12"/><counter type="LINE" missed="0" covered="1"/><counter type="COMPLEXITY" missed="0" covered="1"/><counter type="METHOD" missed="0" covered="1"/></method><method name="mouseClicked" desc="(Ljava/awt/event/MouseEvent;)V" line="977"><counter type="INSTRUCTION" missed="9" covered="0"/><counter type="LINE" missed="3" covered="0"/><counter type="COMPLEXITY" missed="1" covered="0"/><counter type="METHOD" missed="1" covered="0"/></method><counter type="INSTRUCTION" missed="9" covered="12"/><counter type="LINE" missed="3" covered="1"/><counter type="COMPLEXITY" missed="1" covered="1"/><counter type="METHOD" missed="1" covered="1"/><counter type="CLASS" missed="0" covered="1"/></class><class name="deliverable/InitialFrame$4"><method name="&lt;init&gt;" desc="(Ldeliverable/InitialFrame;Ljavax/swing/JPanel;Ljavax/swing/JPanel;)V" line="191"><counter type="INSTRUCTION" missed="0" covered="12"/><counter type="LINE" missed="0" covered="1"/><counter type="COMPLEXITY" missed="0" covered="1"/><counter type="METHOD" missed="0" covered="1"/></method><method name="mouseClicked" desc="(Ljava/awt/event/MouseEvent;)V" line="196"><counter type="INSTRUCTION" missed="9" covered="0"/><counter type="LINE" missed="3" covered="0"/><counter type="COMPLEXITY" missed="1" covered="0"/><counter type="METHOD" missed="1" covered="0"/></method><counter type="INSTRUCTION" missed="9" covered="12"/><counter type="LINE" missed="3" covered="1"/><counter type="COMPLEXITY" missed="1" covered="1"/><counter type="METHOD" missed="1" covered="1"/><counter type="CLASS" missed="0" covered="1"/></class><class name="deliverable/InitialFrame$19"><method name="&lt;init&gt;" desc="(Ldeliverable/InitialFrame;Ljavax/swing/JPanel;Ljavax/swing/JPanel;)V" line="934"><counter type="INSTRUCTION" missed="0" covered="12"/><counter type="LINE" missed="0" covered="1"/><counter type="COMPLEXITY" missed="0" covered="1"/><counter type="METHOD" missed="0" covered="1"/></method><method name="mouseClicked" desc="(Ljava/awt/event/MouseEvent;)V" line="939"><counter type="INSTRUCTION" missed="9" covered="0"/><counter type="LINE" missed="3" covered="0"/><counter type="COMPLEXITY" missed="1" covered="0"/><counter type="METHOD" missed="1" covered="0"/></method><counter type="INSTRUCTION" missed="9" covered="12"/><counter type="LINE" missed="3" covered="1"/><counter type="COMPLEXITY" missed="1" covered="1"/><counter type="METHOD" missed="1" covered="1"/><counter type="CLASS" missed="0" covered="1"/></class><class name="deliverable/InitialFrame$3"><method name="&lt;init&gt;" desc="(Ldeliverable/InitialFrame;Ljavax/swing/JPanel;)V" line="175"><counter type="INSTRUCTION" missed="0" covered="9"/><counter type="LINE" missed="0" covered="1"/><counter type="COMPLEXITY" missed="0" covered="1"/><counter type="METHOD" missed="0" covered="1"/></method><method name="mouseClicked" desc="(Ljava/awt/event/MouseEvent;)V" line="178"><counter type="INSTRUCTION" missed="5" covered="0"/><counter type="LINE" missed="2" covered="0"/><counter type="COMPLEXITY" missed="1" covered="0"/><counter type="METHOD" missed="1" covered="0"/></method><counter type="INSTRUCTION" missed="5" covered="9"/><counter type="LINE" missed="2" covered="1"/><counter type="COMPLEXITY" missed="1" covered="1"/><counter type="METHOD" missed="1" covered="1"/><counter type="CLASS" missed="0" covered="1"/></class><class name="deliverable/InitialFrame$9"><method name="&lt;init&gt;" desc="(Ldeliverable/InitialFrame;Ljavax/swing/JPanel;)V" line="381"><counter type="INSTRUCTION" missed="0" covered="9"/><counter type="LINE" missed="0" covered="1"/><counter type="COMPLEXITY" missed="0" covered="1"/><counter type="METHOD" missed="0" covered="1"/></method><method name="mouseClicked" desc="(Ljava/awt/event/MouseEvent;)V" line="385"><counter type="INSTRUCTION" missed="5" covered="0"/><counter type="LINE" missed="2" covered="0"/><counter type="COMPLEXITY" missed="1" covered="0"/><counter type="METHOD" missed="1" covered="0"/></method><counter type="INSTRUCTION" missed="5" covered="9"/><counter type="LINE" missed="2" covered="1"/><counter type="COMPLEXITY" missed="1" covered="1"/><counter type="METHOD" missed="1" covered="1"/><counter type="CLASS" missed="0" covered="1"/></class><class name="deliverable/InitialFrame$8"><method name="&lt;init&gt;" desc="(Ldeliverable/InitialFrame;Ljavax/swing/JPanel;Ljavax/swing/JPanel;)V" line="362"><counter type="INSTRUCTION" missed="0" covered="12"/><counter type="LINE" missed="0" covered="1"/><counter type="COMPLEXITY" missed="0" covered="1"/><counter type="METHOD" missed="0" covered="1"/></method><method name="mouseClicked" desc="(Ljava/awt/event/MouseEvent;)V" line="365"><counter type="INSTRUCTION" missed="9" covered="0"/><counter type="LINE" missed="3" covered="0"/><counter type="COMPLEXITY" missed="1" covered="0"/><counter type="METHOD" missed="1" covered="0"/></method><counter type="INSTRUCTION" missed="9" covered="12"/><counter type="LINE" missed="3" covered="1"/><counter type="COMPLEXITY" missed="1" covered="1"/><counter type="METHOD" missed="1" covered="1"/><counter type="CLASS" missed="0" covered="1"/></class><class name="deliverable/InitialFrame$7"><method name="&lt;init&gt;" desc="(Ldeliverable/InitialFrame;Ljavax/swing/JLabel;)V" line="345"><counter type="INSTRUCTION" missed="0" covered="9"/><counter type="LINE" missed="0" covered="1"/><counter type="COMPLEXITY" missed="0" covered="1"/><counter type="METHOD" missed="0" covered="1"/></method><method name="mouseClicked" desc="(Ljava/awt/event/MouseEvent;)V" line="349"><counter type="INSTRUCTION" missed="15" covered="0"/><counter type="LINE" missed="3" covered="0"/><counter type="COMPLEXITY" missed="1" covered="0"/><counter type="METHOD" missed="1" covered="0"/></method><counter type="INSTRUCTION" missed="15" covered="9"/><counter type="LINE" missed="3" covered="1"/><counter type="COMPLEXITY" missed="1" covered="1"/><counter type="METHOD" missed="1" covered="1"/><counter type="CLASS" missed="0" covered="1"/></class><class name="deliverable/ItemCompare$1"><method name="&lt;init&gt;" desc="(Ldeliverable/ItemCompare;)V" line="46"><counter type="INSTRUCTION" missed="0" covered="6"/><counter type="LINE" missed="0" covered="1"/><counter type="COMPLEXITY" missed="0" covered="1"/><counter type="METHOD" missed="0" covered="1"/></method><method name="mouseClicked" desc="(Ljava/awt/event/MouseEvent;)V" line="49"><counter type="INSTRUCTION" missed="4" covered="0"/><counter type="LINE" missed="2" covered="0"/><counter type="COMPLEXITY" missed="1" covered="0"/><counter type="METHOD" missed="1" covered="0"/></method><counter type="INSTRUCTION" missed="4" covered="6"/><counter type="LINE" missed="2" covered="1"/><counter type="COMPLEXITY" missed="1" covered="1"/><counter type="METHOD" missed="1" covered="1"/><counter type="CLASS" missed="0" covered="1"/></class><class name="deliverable/Calculator"><method name="&lt;init&gt;" desc="()V" line="9"><counter type="INSTRUCTION" missed="0" covered="3"/><counter type="LINE" missed="0" covered="1"/><counter type="COMPLEXITY" missed="0" covered="1"/><counter type="METHOD" missed="0" covered="1"/></method><method name="getPhysicalDamage" desc="(IDIIIIII)D" line="17"><counter type="INSTRUCTION" missed="0" covered="26"/><counter type="LINE" missed="0" covered="5"/><counter type="COMPLEXITY" missed="0" covered="1"/><counter type="METHOD" missed="0" covered="1"/></method><method name="getMagicDamage" desc="(IDIIIIII)D" line="36"><counter type="INSTRUCTION" missed="0" covered="26"/><counter type="LINE" missed="0" covered="5"/><counter type="COMPLEXITY" missed="0" covered="1"/><counter type="METHOD" missed="0" covered="1"/></method><method name="realArmor" desc="(IIIII)D" line="51"><counter type="INSTRUCTION" missed="0" covered="41"/><counter type="LINE" missed="0" covered="10"/><counter type="COMPLEXITY" missed="0" covered="1"/><counter type="METHOD" missed="0" covered="1"/></method><method name="getMultiplier" desc="(D)D" line="72"><counter type="INSTRUCTION" missed="9" covered="12"/><counter type="BRANCH" missed="1" covered="1"/><counter type="LINE" missed="1" covered="3"/><counter type="COMPLEXITY" missed="1" covered="1"/><counter type="METHOD" missed="0" covered="1"/></method><method name="realMR" desc="(IIIII)D" line="84"><counter type="INSTRUCTION" missed="0" covered="41"/><counter type="LINE" missed="0" covered="10"/><counter type="COMPLEXITY" missed="0" covered="1"/><counter type="METHOD" missed="0" covered="1"/></method><counter type="INSTRUCTION" missed="9" covered="149"/><counter type="BRANCH" missed="1" covered="1"/><counter type="LINE" missed="1" covered="34"/><counter type="COMPLEXITY" missed="1" covered="6"/><counter type="METHOD" missed="0" covered="6"/><counter type="CLASS" missed="0" covered="1"/></class><class name="deliverable/ChampionCompare$2"><method name="&lt;init&gt;" desc="(Ldeliverable/ChampionCompare;Ljavax/swing/JLabel;)V" line="91"><counter type="INSTRUCTION" missed="0" covered="20"/><counter type="LINE" missed="0" covered="3"/><counter type="COMPLEXITY" missed="0" covered="1"/><counter type="METHOD" missed="0" covered="1"/></method><method name="mouseClicked" desc="(Ljava/awt/event/MouseEvent;)V" line="99"><counter type="INSTRUCTION" missed="69" covered="0"/><counter type="LINE" missed="13" covered="0"/><counter type="COMPLEXITY" missed="1" covered="0"/><counter type="METHOD" missed="1" covered="0"/></method><counter type="INSTRUCTION" missed="69" covered="20"/><counter type="LINE" missed="13" covered="3"/><counter type="COMPLEXITY" missed="1" covered="1"/><counter type="METHOD" missed="1" covered="1"/><counter type="CLASS" missed="0" covered="1"/></class><class name="deliverable/ChampionCompare$1"><method name="&lt;init&gt;" desc="(Ldeliverable/ChampionCompare;)V" line="50"><counter type="INSTRUCTION" missed="0" covered="6"/><counter type="LINE" missed="0" covered="1"/><counter type="COMPLEXITY" missed="0" covered="1"/><counter type="METHOD" missed="0" covered="1"/></method><method name="mouseClicked" desc="(Ljava/awt/event/MouseEvent;)V" line="53"><counter type="INSTRUCTION" missed="4" covered="0"/><counter type="LINE" missed="2" covered="0"/><counter type="COMPLEXITY" missed="1" covered="0"/><counter type="METHOD" missed="1" covered="0"/></method><counter type="INSTRUCTION" missed="4" covered="6"/><counter type="LINE" missed="2" covered="1"/><counter type="COMPLEXITY" missed="1" covered="1"/><counter type="METHOD" missed="1" covered="1"/><counter type="CLASS" missed="0" covered="1"/></class><class name="deliverable/ItemCompare$2"><method name="&lt;init&gt;" desc="(Ldeliverable/ItemCompare;Ljavax/swing/JLabel;)V" line="77"><counter type="INSTRUCTION" missed="0" covered="20"/><counter type="LINE" missed="0" covered="3"/><counter type="COMPLEXITY" missed="0" covered="1"/><counter type="METHOD" missed="0" covered="1"/></method><method name="mouseClicked" desc="(Ljava/awt/event/MouseEvent;)V" line="86"><counter type="INSTRUCTION" missed="59" covered="0"/><counter type="BRANCH" missed="2" covered="0"/><counter type="LINE" missed="12" covered="0"/><counter type="COMPLEXITY" missed="2" covered="0"/><counter type="METHOD" missed="1" covered="0"/></method><counter type="INSTRUCTION" missed="59" covered="20"/><counter type="BRANCH" missed="2" covered="0"/><counter type="LINE" missed="12" covered="3"/><counter type="COMPLEXITY" missed="2" covered="1"/><counter type="METHOD" missed="1" covered="1"/><counter type="CLASS" missed="0" covered="1"/></class><sourcefile name="SearchItem.java"><line nr="14" mi="0" ci="11" mb="0" cb="0"/><line nr="16" mi="0" ci="5" mb="0" cb="0"/><line nr="17" mi="0" ci="3" mb="0" cb="0"/><line nr="18" mi="0" ci="3" mb="0" cb="0"/><line nr="22" mi="0" ci="2" mb="0" cb="0"/><line nr="25" mi="0" ci="10" mb="0" cb="0"/><line nr="28" mi="0" ci="6" mb="0" cb="2"/><line nr="30" mi="0" ci="4" mb="0" cb="0"/><line nr="31" mi="0" ci="8" mb="0" cb="2"/><line nr="32" mi="0" ci="10" mb="0" cb="0"/><line nr="34" mi="0" ci="6" mb="0" cb="0"/><line nr="35" mi="0" ci="1" mb="0" cb="0"/><line nr="36" mi="0" ci="8" mb="0" cb="0"/><line nr="37" mi="0" ci="11" mb="0" cb="2"/><line nr="39" mi="0" ci="76" mb="0" cb="0"/><line nr="46" mi="1" ci="0" mb="0" cb="0"/><line nr="48" mi="2" ci="0" mb="0" cb="0"/><line nr="50" mi="1" ci="0" mb="0" cb="0"/><line nr="52" mi="2" ci="0" mb="0" cb="0"/><line nr="53" mi="1" ci="1" mb="0" cb="0"/><line nr="55" mi="0" ci="1" mb="0" cb="0"/><line nr="59" mi="0" ci="17" mb="1" cb="1"/><line nr="60" mi="0" ci="5" mb="0" cb="2"/><line nr="61" mi="0" ci="2" mb="0" cb="0"/><line nr="64" mi="2" ci="0" mb="0" cb="0"/><counter type="INSTRUCTION" missed="9" covered="190"/><counter type="BRANCH" missed="1" covered="9"/><counter type="LINE" missed="5" covered="20"/><counter type="COMPLEXITY" missed="1" covered="6"/><counter type="METHOD" missed="0" covered="2"/><counter type="CLASS" missed="0" covered="1"/></sourcefile><sourcefile name="Item.java"><line nr="11" mi="0" ci="2" mb="0" cb="0"/><line nr="12" mi="0" ci="3" mb="0" cb="0"/><line nr="13" mi="0" ci="3" mb="0" cb="0"/><line nr="14" mi="0" ci="3" mb="0" cb="0"/><line nr="15" mi="0" ci="3" mb="0" cb="0"/><line nr="16" mi="0" ci="3" mb="0" cb="0"/><line nr="17" mi="0" ci="3" mb="0" cb="0"/><line nr="18" mi="0" ci="3" mb="0" cb="0"/><line nr="19" mi="0" ci="3" mb="0" cb="0"/><line nr="20" mi="0" ci="3" mb="0" cb="0"/><line nr="21" mi="0" ci="3" mb="0" cb="0"/><line nr="22" mi="0" ci="3" mb="0" cb="0"/><line nr="23" mi="0" ci="1" mb="0" cb="0"/><line nr="25" mi="0" ci="2" mb="0" cb="0"/><line nr="26" mi="0" ci="3" mb="0" cb="0"/><line nr="27" mi="0" ci="3" mb="0" cb="0"/><line nr="28" mi="0" ci="3" mb="0" cb="0"/><line nr="29" mi="0" ci="3" mb="0" cb="0"/><line nr="30" mi="0" ci="3" mb="0" cb="0"/><line nr="31" mi="0" ci="3" mb="0" cb="0"/><line nr="32" mi="0" ci="3" mb="0" cb="0"/><line nr="33" mi="0" ci="3" mb="0" cb="0"/><line nr="34" mi="0" ci="3" mb="0" cb="0"/><line nr="35" mi="0" ci="3" mb="0" cb="0"/><line nr="37" mi="0" ci="1" mb="0" cb="0"/><line nr="40" mi="0" ci="99" mb="0" cb="0"/><line nr="44" mi="0" ci="2" mb="0" cb="0"/><line nr="48" mi="0" ci="9" mb="0" cb="0"/><line nr="52" mi="0" ci="9" mb="0" cb="0"/><line nr="56" mi="0" ci="15" mb="0" cb="0"/><line nr="57" mi="0" ci="2" mb="0" cb="0"/><line nr="61" mi="0" ci="3" mb="0" cb="0"/><line nr="65" mi="0" ci="12" mb="0" cb="0"/><line nr="68" mi="0" ci="12" mb="0" cb="0"/><line nr="71" mi="0" ci="12" mb="0" cb="0"/><counter type="INSTRUCTION" missed="0" covered="244"/><counter type="LINE" missed="0" covered="35"/><counter type="COMPLEXITY" missed="0" covered="10"/><counter type="METHOD" missed="0" covered="10"/><counter type="CLASS" missed="0" covered="1"/></sourcefile><sourcefile name="ItemCompare.java"><line nr="26" mi="0" ci="5" mb="0" cb="0"/><line nr="27" mi="0" ci="5" mb="0" cb="0"/><line nr="34" mi="0" ci="2" mb="0" cb="0"/><line nr="35" mi="0" ci="3" mb="0" cb="0"/><line nr="36" mi="0" ci="3" mb="0" cb="0"/><line nr="37" mi="0" ci="6" mb="0" cb="0"/><line nr="38" mi="0" ci="5" mb="0" cb="0"/><line nr="39" mi="0" ci="10" mb="0" cb="0"/><line nr="40" mi="0" ci="4" mb="0" cb="0"/><line nr="41" mi="0" ci="4" mb="0" cb="0"/><line nr="45" mi="0" ci="5" mb="0" cb="0"/><line nr="46" mi="0" ci="12" mb="0" cb="0"/><line nr="49" mi="3" ci="0" mb="0" cb="0"/><line nr="52" mi="1" ci="0" mb="0" cb="0"/><line nr="58" mi="0" ci="6" mb="0" cb="0"/><line nr="59" mi="0" ci="5" mb="0" cb="0"/><line nr="61" mi="0" ci="5" mb="0" cb="0"/><line nr="62" mi="0" ci="7" mb="0" cb="0"/><line nr="63" mi="0" ci="6" mb="0" cb="0"/><line nr="64" mi="0" ci="4" mb="0" cb="0"/><line nr="66" mi="0" ci="5" mb="0" cb="0"/><line nr="67" mi="0" ci="6" mb="0" cb="0"/><line nr="68" mi="0" ci="5" mb="0" cb="0"/><line nr="70" mi="0" ci="5" mb="0" cb="0"/><line nr="71" mi="0" ci="6" mb="0" cb="0"/><line nr="72" mi="0" ci="5" mb="0" cb="0"/><line nr="76" mi="0" ci="5" mb="0" cb="0"/><line nr="77" mi="0" ci="15" mb="0" cb="0"/><line nr="78" mi="0" ci="5" mb="0" cb="0"/><line nr="79" mi="0" ci="7" mb="0" cb="0"/><line nr="86" mi="5" ci="0" mb="0" cb="0"/><line nr="87" mi="5" ci="0" mb="0" cb="0"/><line nr="88" mi="5" ci="0" mb="0" cb="0"/><line nr="92" mi="2" ci="0" mb="2" cb="0"/><line nr="96" mi="5" ci="0" mb="0" cb="0"/><line nr="97" mi="7" ci="0" mb="0" cb="0"/><line nr="98" mi="8" ci="0" mb="0" cb="0"/><line nr="99" mi="7" ci="0" mb="0" cb="0"/><line nr="101" mi="4" ci="0" mb="0" cb="0"/><line nr="106" mi="5" ci="0" mb="0" cb="0"/><line nr="107" mi="5" ci="0" mb="0" cb="0"/><line nr="108" mi="1" ci="0" mb="0" cb="0"/><line nr="110" mi="0" ci="6" mb="0" cb="0"/><line nr="111" mi="0" ci="5" mb="0" cb="0"/><line nr="115" mi="0" ci="4" mb="0" cb="0"/><line nr="116" mi="0" ci="4" mb="0" cb="0"/><line nr="117" mi="0" ci="1" mb="0" cb="0"/><line nr="125" mi="5" ci="0" mb="0" cb="0"/><line nr="126" mi="6" ci="0" mb="0" cb="0"/><line nr="130" mi="5" ci="0" mb="0" cb="0"/><line nr="131" mi="5" ci="0" mb="0" cb="0"/><line nr="132" mi="5" ci="0" mb="0" cb="0"/><line nr="133" mi="5" ci="0" mb="0" cb="0"/><line nr="134" mi="5" ci="0" mb="0" cb="0"/><line nr="135" mi="5" ci="0" mb="0" cb="0"/><line nr="139" mi="3" ci="0" mb="0" cb="0"/><line nr="140" mi="4" ci="0" mb="0" cb="0"/><line nr="145" mi="16" ci="0" mb="0" cb="0"/><line nr="146" mi="16" ci="0" mb="0" cb="0"/><line nr="147" mi="16" ci="0" mb="0" cb="0"/><line nr="148" mi="16" ci="0" mb="0" cb="0"/><line nr="149" mi="16" ci="0" mb="0" cb="0"/><line nr="150" mi="16" ci="0" mb="0" cb="0"/><line nr="152" mi="16" ci="0" mb="0" cb="0"/><line nr="153" mi="16" ci="0" mb="0" cb="0"/><line nr="154" mi="16" ci="0" mb="0" cb="0"/><line nr="155" mi="16" ci="0" mb="0" cb="0"/><line nr="156" mi="16" ci="0" mb="0" cb="0"/><line nr="157" mi="16" ci="0" mb="0" cb="0"/><line nr="161" mi="7" ci="0" mb="0" cb="0"/><line nr="162" mi="6" ci="0" mb="0" cb="0"/><line nr="163" mi="7" ci="0" mb="0" cb="0"/><line nr="164" mi="6" ci="0" mb="0" cb="0"/><line nr="166" mi="6" ci="0" mb="0" cb="0"/><line nr="167" mi="5" ci="0" mb="0" cb="0"/><line nr="168" mi="6" ci="0" mb="0" cb="0"/><line nr="169" mi="5" ci="0" mb="0" cb="0"/><line nr="170" mi="6" ci="0" mb="0" cb="0"/><line nr="171" mi="5" ci="0" mb="0" cb="0"/><line nr="172" mi="6" ci="0" mb="0" cb="0"/><line nr="173" mi="5" ci="0" mb="0" cb="0"/><line nr="174" mi="6" ci="0" mb="0" cb="0"/><line nr="175" mi="5" ci="0" mb="0" cb="0"/><line nr="176" mi="6" ci="0" mb="0" cb="0"/><line nr="177" mi="5" ci="0" mb="0" cb="0"/><line nr="178" mi="6" ci="0" mb="0" cb="0"/><line nr="179" mi="5" ci="0" mb="0" cb="0"/><line nr="180" mi="6" ci="0" mb="0" cb="0"/><line nr="181" mi="5" ci="0" mb="0" cb="0"/><line nr="182" mi="6" ci="0" mb="0" cb="0"/><line nr="183" mi="5" ci="0" mb="0" cb="0"/><line nr="184" mi="6" ci="0" mb="0" cb="0"/><line nr="185" mi="5" ci="0" mb="0" cb="0"/><line nr="186" mi="6" ci="0" mb="0" cb="0"/><line nr="187" mi="5" ci="0" mb="0" cb="0"/><line nr="188" mi="6" ci="0" mb="0" cb="0"/><line nr="189" mi="5" ci="0" mb="0" cb="0"/><line nr="190" mi="6" ci="0" mb="0" cb="0"/><line nr="191" mi="5" ci="0" mb="0" cb="0"/><line nr="192" mi="6" ci="0" mb="0" cb="0"/><line nr="193" mi="5" ci="0" mb="0" cb="0"/><line nr="194" mi="6" ci="0" mb="0" cb="0"/><line nr="195" mi="5" ci="0" mb="0" cb="0"/><line nr="196" mi="6" ci="0" mb="0" cb="0"/><line nr="197" mi="5" ci="0" mb="0" cb="0"/><line nr="198" mi="6" ci="0" mb="0" cb="0"/><line nr="199" mi="5" ci="0" mb="0" cb="0"/><line nr="200" mi="6" ci="0" mb="0" cb="0"/><line nr="201" mi="5" ci="0" mb="0" cb="0"/><line nr="205" mi="4" ci="0" mb="0" cb="0"/><line nr="206" mi="4" ci="0" mb="0" cb="0"/><line nr="207" mi="1" ci="0" mb="0" cb="0"/><counter type="INSTRUCTION" missed="536" covered="181"/><counter type="BRANCH" missed="2" covered="0"/><counter type="LINE" missed="79" covered="33"/><counter type="COMPLEXITY" missed="4" covered="3"/><counter type="METHOD" missed="3" covered="3"/><counter type="CLASS" missed="0" covered="3"/></sourcefile><sourcefile name="InitialFrame.java"><line nr="56" mi="0" ci="3" mb="0" cb="0"/><line nr="83" mi="0" ci="5" mb="0" cb="0"/><line nr="84" mi="0" ci="5" mb="0" cb="0"/><line nr="88" mi="7" ci="0" mb="0" cb="0"/><line nr="93" mi="4" ci="0" mb="0" cb="0"/><line nr="94" mi="4" ci="0" mb="0" cb="0"/><line nr="95" mi="1" ci="0" mb="0" cb="0"/><line nr="96" mi="2" ci="0" mb="0" cb="0"/><line nr="97" mi="1" ci="0" mb="0" cb="0"/><line nr="98" mi="1" ci="0" mb="0" cb="0"/><line nr="100" mi="1" ci="0" mb="0" cb="0"/><line nr="103" mi="0" ci="2" mb="0" cb="0"/><line nr="104" mi="0" ci="2" mb="0" cb="0"/><line nr="105" mi="0" ci="1" mb="0" cb="0"/><line nr="111" mi="0" ci="5" mb="0" cb="0"/><line nr="112" mi="0" ci="10" mb="0" cb="0"/><line nr="113" mi="0" ci="5" mb="0" cb="0"/><line nr="114" mi="0" ci="4" mb="0" cb="0"/><line nr="115" mi="0" ci="5" mb="0" cb="0"/><line nr="116" mi="0" ci="7" mb="0" cb="0"/><line nr="117" mi="0" ci="4" mb="0" cb="0"/><line nr="118" mi="0" ci="5" mb="0" cb="0"/><line nr="121" mi="0" ci="3" mb="0" cb="0"/><line nr="122" mi="0" ci="21" mb="0" cb="0"/><line nr="124" mi="0" ci="21" mb="0" cb="0"/><line nr="125" mi="0" ci="21" mb="0" cb="0"/><line nr="127" mi="0" ci="21" mb="0" cb="0"/><line nr="128" mi="0" ci="21" mb="0" cb="0"/><line nr="131" mi="0" ci="4" mb="0" cb="0"/><line nr="132" mi="0" ci="3" mb="0" cb="0"/><line nr="133" mi="0" ci="6" mb="0" cb="0"/><line nr="134" mi="0" ci="6" mb="0" cb="0"/><line nr="135" mi="0" ci="4" mb="0" cb="0"/><line nr="136" mi="0" ci="3" mb="0" cb="0"/><line nr="137" mi="0" ci="6" mb="0" cb="0"/><line nr="138" mi="0" ci="6" mb="0" cb="0"/><line nr="139" mi="0" ci="4" mb="0" cb="0"/><line nr="140" mi="0" ci="3" mb="0" cb="0"/><line nr="141" mi="0" ci="6" mb="0" cb="0"/><line nr="142" mi="0" ci="6" mb="0" cb="0"/><line nr="143" mi="0" ci="4" mb="0" cb="0"/><line nr="144" mi="0" ci="3" mb="0" cb="0"/><line nr="145" mi="0" ci="6" mb="0" cb="0"/><line nr="146" mi="0" ci="6" mb="0" cb="0"/><line nr="149" mi="0" ci="3" mb="0" cb="0"/><line nr="150" mi="0" ci="3" mb="0" cb="0"/><line nr="151" mi="0" ci="3" mb="0" cb="0"/><line nr="152" mi="0" ci="3" mb="0" cb="0"/><line nr="156" mi="0" ci="5" mb="0" cb="0"/><line nr="157" mi="0" ci="20" mb="0" cb="0"/><line nr="162" mi="4" ci="0" mb="0" cb="0"/><line nr="163" mi="4" ci="0" mb="0" cb="0"/><line nr="164" mi="1" ci="0" mb="0" cb="0"/><line nr="168" mi="0" ci="3" mb="0" cb="0"/><line nr="169" mi="0" ci="6" mb="0" cb="0"/><line nr="170" mi="0" ci="6" mb="0" cb="0"/><line nr="171" mi="0" ci="4" mb="0" cb="0"/><line nr="174" mi="0" ci="5" mb="0" cb="0"/><line nr="175" mi="0" ci="16" mb="0" cb="0"/><line nr="178" mi="4" ci="0" mb="0" cb="0"/><line nr="179" mi="1" ci="0" mb="0" cb="0"/><line nr="183" mi="0" ci="3" mb="0" cb="0"/><line nr="184" mi="0" ci="3" mb="0" cb="0"/><line nr="185" mi="0" ci="6" mb="0" cb="0"/><line nr="186" mi="0" ci="6" mb="0" cb="0"/><line nr="187" mi="0" ci="4" mb="0" cb="0"/><line nr="190" mi="0" ci="5" mb="0" cb="0"/><line nr="191" mi="0" ci="20" mb="0" cb="0"/><line nr="196" mi="4" ci="0" mb="0" cb="0"/><line nr="197" mi="4" ci="0" mb="0" cb="0"/><line nr="199" mi="1" ci="0" mb="0" cb="0"/><line nr="203" mi="0" ci="3" mb="0" cb="0"/><line nr="204" mi="0" ci="6" mb="0" cb="0"/><line nr="205" mi="0" ci="6" mb="0" cb="0"/><line nr="206" mi="0" ci="4" mb="0" cb="0"/><line nr="209" mi="0" ci="5" mb="0" cb="0"/><line nr="210" mi="0" ci="20" mb="0" cb="0"/><line nr="214" mi="4" ci="0" mb="0" cb="0"/><line nr="215" mi="4" ci="0" mb="0" cb="0"/><line nr="216" mi="1" ci="0" mb="0" cb="0"/><line nr="220" mi="0" ci="3" mb="0" cb="0"/><line nr="221" mi="0" ci="6" mb="0" cb="0"/><line nr="222" mi="0" ci="6" mb="0" cb="0"/><line nr="223" mi="0" ci="4" mb="0" cb="0"/><line nr="227" mi="0" ci="5" mb="0" cb="0"/><line nr="228" mi="0" ci="7" mb="0" cb="0"/><line nr="229" mi="0" ci="5" mb="0" cb="0"/><line nr="230" mi="0" ci="4" mb="0" cb="0"/><line nr="232" mi="0" ci="5" mb="0" cb="0"/><line nr="233" mi="0" ci="6" mb="0" cb="0"/><line nr="234" mi="0" ci="4" mb="0" cb="0"/><line nr="237" mi="0" ci="5" mb="0" cb="0"/><line nr="238" mi="0" ci="19" mb="0" cb="0"/><line nr="239" mi="0" ci="7" mb="0" cb="0"/><line nr="243" mi="5" ci="0" mb="0" cb="0"/><line nr="244" mi="5" ci="0" mb="0" cb="0"/><line nr="245" mi="6" ci="0" mb="0" cb="0"/><line nr="248" mi="2" ci="0" mb="2" cb="0"/><line nr="251" mi="5" ci="0" mb="0" cb="0"/><line nr="252" mi="7" ci="0" mb="0" cb="0"/><line nr="253" mi="8" ci="0" mb="0" cb="0"/><line nr="254" mi="6" ci="0" mb="0" cb="0"/><line nr="256" mi="3" ci="0" mb="0" cb="0"/><line nr="258" mi="16" ci="0" mb="0" cb="0"/><line nr="259" mi="16" ci="0" mb="0" cb="0"/><line nr="260" mi="16" ci="0" mb="0" cb="0"/><line nr="261" mi="16" ci="0" mb="0" cb="0"/><line nr="262" mi="16" ci="0" mb="0" cb="0"/><line nr="263" mi="16" ci="0" mb="0" cb="0"/><line nr="268" mi="4" ci="0" mb="0" cb="0"/><line nr="269" mi="4" ci="0" mb="0" cb="0"/><line nr="270" mi="1" ci="0" mb="0" cb="0"/><line nr="272" mi="0" ci="6" mb="0" cb="0"/><line nr="273" mi="0" ci="4" mb="0" cb="0"/><line nr="275" mi="0" ci="4" mb="0" cb="0"/><line nr="276" mi="0" ci="4" mb="0" cb="0"/><line nr="277" mi="0" ci="4" mb="0" cb="0"/><line nr="278" mi="0" ci="4" mb="0" cb="0"/><line nr="279" mi="0" ci="4" mb="0" cb="0"/><line nr="280" mi="0" ci="4" mb="0" cb="0"/><line nr="281" mi="0" ci="4" mb="0" cb="0"/><line nr="284" mi="0" ci="3" mb="0" cb="0"/><line nr="285" mi="0" ci="6" mb="0" cb="0"/><line nr="287" mi="0" ci="3" mb="0" cb="0"/><line nr="288" mi="0" ci="6" mb="0" cb="0"/><line nr="290" mi="0" ci="3" mb="0" cb="0"/><line nr="291" mi="0" ci="6" mb="0" cb="0"/><line nr="293" mi="0" ci="3" mb="0" cb="0"/><line nr="294" mi="0" ci="6" mb="0" cb="0"/><line nr="296" mi="0" ci="3" mb="0" cb="0"/><line nr="297" mi="0" ci="6" mb="0" cb="0"/><line nr="299" mi="0" ci="3" mb="0" cb="0"/><line nr="300" mi="0" ci="6" mb="0" cb="0"/><line nr="303" mi="0" ci="4" mb="0" cb="0"/><line nr="304" mi="0" ci="4" mb="0" cb="0"/><line nr="305" mi="0" ci="4" mb="0" cb="0"/><line nr="306" mi="0" ci="4" mb="0" cb="0"/><line nr="307" mi="0" ci="4" mb="0" cb="0"/><line nr="308" mi="0" ci="4" mb="0" cb="0"/><line nr="309" mi="0" ci="4" mb="0" cb="0"/><line nr="312" mi="0" ci="5" mb="0" cb="0"/><line nr="314" mi="0" ci="7" mb="0" cb="0"/><line nr="315" mi="0" ci="5" mb="0" cb="0"/><line nr="316" mi="0" ci="4" mb="0" cb="0"/><line nr="318" mi="0" ci="5" mb="0" cb="0"/><line nr="319" mi="0" ci="7" mb="0" cb="0"/><line nr="320" mi="0" ci="5" mb="0" cb="0"/><line nr="321" mi="0" ci="4" mb="0" cb="0"/><line nr="323" mi="0" ci="5" mb="0" cb="0"/><line nr="324" mi="0" ci="7" mb="0" cb="0"/><line nr="325" mi="0" ci="5" mb="0" cb="0"/><line nr="326" mi="0" ci="4" mb="0" cb="0"/><line nr="328" mi="0" ci="5" mb="0" cb="0"/><line nr="329" mi="0" ci="7" mb="0" cb="0"/><line nr="330" mi="0" ci="5" mb="0" cb="0"/><line nr="331" mi="0" ci="4" mb="0" cb="0"/><line nr="333" mi="0" ci="5" mb="0" cb="0"/><line nr="334" mi="0" ci="7" mb="0" cb="0"/><line nr="335" mi="0" ci="5" mb="0" cb="0"/><line nr="336" mi="0" ci="4" mb="0" cb="0"/><line nr="338" mi="0" ci="5" mb="0" cb="0"/><line nr="339" mi="0" ci="7" mb="0" cb="0"/><line nr="340" mi="0" ci="5" mb="0" cb="0"/><line nr="341" mi="0" ci="4" mb="0" cb="0"/><line nr="344" mi="0" ci="5" mb="0" cb="0"/><line nr="345" mi="0" ci="16" mb="0" cb="0"/><line nr="349" mi="11" ci="0" mb="0" cb="0"/><line nr="350" mi="3" ci="0" mb="0" cb="0"/><line nr="353" mi="1" ci="0" mb="0" cb="0"/><line nr="356" mi="0" ci="6" mb="0" cb="0"/><line nr="357" mi="0" ci="4" mb="0" cb="0"/><line nr="361" mi="0" ci="5" mb="0" cb="0"/><line nr="362" mi="0" ci="20" mb="0" cb="0"/><line nr="365" mi="4" ci="0" mb="0" cb="0"/><line nr="366" mi="4" ci="0" mb="0" cb="0"/><line nr="368" mi="1" ci="0" mb="0" cb="0"/><line nr="371" mi="0" ci="3" mb="0" cb="0"/><line nr="372" mi="0" ci="6" mb="0" cb="0"/><line nr="375" mi="0" ci="3" mb="0" cb="0"/><line nr="376" mi="0" ci="6" mb="0" cb="0"/><line nr="377" mi="0" ci="4" mb="0" cb="0"/><line nr="380" mi="0" ci="5" mb="0" cb="0"/><line nr="381" mi="0" ci="16" mb="0" cb="0"/><line nr="385" mi="4" ci="0" mb="0" cb="0"/><line nr="387" mi="1" ci="0" mb="0" cb="0"/><line nr="390" mi="0" ci="3" mb="0" cb="0"/><line nr="391" mi="0" ci="3" mb="0" cb="0"/><line nr="392" mi="0" ci="6" mb="0" cb="0"/><line nr="393" mi="0" ci="6" mb="0" cb="0"/><line nr="394" mi="0" ci="4" mb="0" cb="0"/><line nr="397" mi="0" ci="5" mb="0" cb="0"/><line nr="398" mi="0" ci="20" mb="0" cb="0"/><line nr="400" mi="4" ci="0" mb="0" cb="0"/><line nr="401" mi="4" ci="0" mb="0" cb="0"/><line nr="403" mi="1" ci="0" mb="0" cb="0"/><line nr="405" mi="0" ci="3" mb="0" cb="0"/><line nr="406" mi="0" ci="6" mb="0" cb="0"/><line nr="407" mi="0" ci="6" mb="0" cb="0"/><line nr="408" mi="0" ci="4" mb="0" cb="0"/><line nr="411" mi="0" ci="5" mb="0" cb="0"/><line nr="412" mi="0" ci="20" mb="0" cb="0"/><line nr="414" mi="4" ci="0" mb="0" cb="0"/><line nr="415" mi="4" ci="0" mb="0" cb="0"/><line nr="416" mi="1" ci="0" mb="0" cb="0"/><line nr="418" mi="0" ci="3" mb="0" cb="0"/><line nr="419" mi="0" ci="6" mb="0" cb="0"/><line nr="420" mi="0" ci="6" mb="0" cb="0"/><line nr="421" mi="0" ci="4" mb="0" cb="0"/><line nr="424" mi="0" ci="5" mb="0" cb="0"/><line nr="425" mi="0" ci="6" mb="0" cb="0"/><line nr="426" mi="0" ci="4" mb="0" cb="0"/><line nr="429" mi="0" ci="5" mb="0" cb="0"/><line nr="430" mi="0" ci="7" mb="0" cb="0"/><line nr="431" mi="0" ci="5" mb="0" cb="0"/><line nr="432" mi="0" ci="4" mb="0" cb="0"/><line nr="435" mi="0" ci="5" mb="0" cb="0"/><line nr="436" mi="0" ci="19" mb="0" cb="0"/><line nr="437" mi="0" ci="7" mb="0" cb="0"/><line nr="441" mi="5" ci="0" mb="0" cb="0"/><line nr="442" mi="5" ci="0" mb="0" cb="0"/><line nr="443" mi="6" ci="0" mb="0" cb="0"/><line nr="445" mi="2" ci="0" mb="2" cb="0"/><line nr="448" mi="5" ci="0" mb="0" cb="0"/><line nr="449" mi="7" ci="0" mb="0" cb="0"/><line nr="450" mi="8" ci="0" mb="0" cb="0"/><line nr="451" mi="6" ci="0" mb="0" cb="0"/><line nr="454" mi="3" ci="0" mb="0" cb="0"/><line nr="455" mi="7" ci="0" mb="0" cb="0"/><line nr="456" mi="7" ci="0" mb="0" cb="0"/><line nr="457" mi="7" ci="0" mb="0" cb="0"/><line nr="458" mi="7" ci="0" mb="0" cb="0"/><line nr="459" mi="7" ci="0" mb="0" cb="0"/><line nr="460" mi="7" ci="0" mb="0" cb="0"/><line nr="461" mi="7" ci="0" mb="0" cb="0"/><line nr="462" mi="7" ci="0" mb="0" cb="0"/><line nr="463" mi="7" ci="0" mb="0" cb="0"/><line nr="464" mi="7" ci="0" mb="0" cb="0"/><line nr="465" mi="7" ci="0" mb="0" cb="0"/><line nr="466" mi="7" ci="0" mb="0" cb="0"/><line nr="470" mi="4" ci="0" mb="0" cb="0"/><line nr="471" mi="4" ci="0" mb="0" cb="0"/><line nr="472" mi="1" ci="0" mb="0" cb="0"/><line nr="476" mi="0" ci="6" mb="0" cb="0"/><line nr="477" mi="0" ci="4" mb="0" cb="0"/><line nr="479" mi="0" ci="4" mb="0" cb="0"/><line nr="480" mi="0" ci="4" mb="0" cb="0"/><line nr="481" mi="0" ci="4" mb="0" cb="0"/><line nr="482" mi="0" ci="4" mb="0" cb="0"/><line nr="483" mi="0" ci="4" mb="0" cb="0"/><line nr="484" mi="0" ci="4" mb="0" cb="0"/><line nr="485" mi="0" ci="4" mb="0" cb="0"/><line nr="486" mi="0" ci="4" mb="0" cb="0"/><line nr="487" mi="0" ci="4" mb="0" cb="0"/><line nr="488" mi="0" ci="4" mb="0" cb="0"/><line nr="489" mi="0" ci="4" mb="0" cb="0"/><line nr="490" mi="0" ci="4" mb="0" cb="0"/><line nr="491" mi="0" ci="4" mb="0" cb="0"/><line nr="492" mi="0" ci="4" mb="0" cb="0"/><line nr="493" mi="0" ci="4" mb="0" cb="0"/><line nr="494" mi="0" ci="4" mb="0" cb="0"/><line nr="495" mi="0" ci="4" mb="0" cb="0"/><line nr="498" mi="0" ci="3" mb="0" cb="0"/><line nr="499" mi="0" ci="6" mb="0" cb="0"/><line nr="501" mi="0" ci="3" mb="0" cb="0"/><line nr="502" mi="0" ci="6" mb="0" cb="0"/><line nr="504" mi="0" ci="3" mb="0" cb="0"/><line nr="505" mi="0" ci="6" mb="0" cb="0"/><line nr="507" mi="0" ci="3" mb="0" cb="0"/><line nr="508" mi="0" ci="6" mb="0" cb="0"/><line nr="510" mi="0" ci="3" mb="0" cb="0"/><line nr="511" mi="0" ci="6" mb="0" cb="0"/><line nr="513" mi="0" ci="3" mb="0" cb="0"/><line nr="514" mi="0" ci="6" mb="0" cb="0"/><line nr="516" mi="0" ci="3" mb="0" cb="0"/><line nr="517" mi="0" ci="6" mb="0" cb="0"/><line nr="519" mi="0" ci="3" mb="0" cb="0"/><line nr="520" mi="0" ci="6" mb="0" cb="0"/><line nr="522" mi="0" ci="3" mb="0" cb="0"/><line nr="523" mi="0" ci="6" mb="0" cb="0"/><line nr="525" mi="0" ci="3" mb="0" cb="0"/><line nr="526" mi="0" ci="6" mb="0" cb="0"/><line nr="528" mi="0" ci="3" mb="0" cb="0"/><line nr="529" mi="0" ci="6" mb="0" cb="0"/><line nr="531" mi="0" ci="3" mb="0" cb="0"/><line nr="532" mi="0" ci="6" mb="0" cb="0"/><line nr="535" mi="0" ci="4" mb="0" cb="0"/><line nr="536" mi="0" ci="4" mb="0" cb="0"/><line nr="537" mi="0" ci="4" mb="0" cb="0"/><line nr="538" mi="0" ci="4" mb="0" cb="0"/><line nr="539" mi="0" ci="4" mb="0" cb="0"/><line nr="540" mi="0" ci="4" mb="0" cb="0"/><line nr="541" mi="0" ci="4" mb="0" cb="0"/><line nr="542" mi="0" ci="4" mb="0" cb="0"/><line nr="543" mi="0" ci="4" mb="0" cb="0"/><line nr="544" mi="0" ci="4" mb="0" cb="0"/><line nr="545" mi="0" ci="4" mb="0" cb="0"/><line nr="546" mi="0" ci="4" mb="0" cb="0"/><line nr="549" mi="0" ci="5" mb="0" cb="0"/><line nr="551" mi="0" ci="7" mb="0" cb="0"/><line nr="552" mi="0" ci="5" mb="0" cb="0"/><line nr="553" mi="0" ci="4" mb="0" cb="0"/><line nr="555" mi="0" ci="5" mb="0" cb="0"/><line nr="557" mi="0" ci="7" mb="0" cb="0"/><line nr="558" mi="0" ci="5" mb="0" cb="0"/><line nr="559" mi="0" ci="4" mb="0" cb="0"/><line nr="561" mi="0" ci="5" mb="0" cb="0"/><line nr="563" mi="0" ci="7" mb="0" cb="0"/><line nr="564" mi="0" ci="5" mb="0" cb="0"/><line nr="565" mi="0" ci="4" mb="0" cb="0"/><line nr="567" mi="0" ci="5" mb="0" cb="0"/><line nr="569" mi="0" ci="7" mb="0" cb="0"/><line nr="570" mi="0" ci="5" mb="0" cb="0"/><line nr="571" mi="0" ci="4" mb="0" cb="0"/><line nr="573" mi="0" ci="5" mb="0" cb="0"/><line nr="575" mi="0" ci="7" mb="0" cb="0"/><line nr="576" mi="0" ci="5" mb="0" cb="0"/><line nr="577" mi="0" ci="4" mb="0" cb="0"/><line nr="579" mi="0" ci="5" mb="0" cb="0"/><line nr="581" mi="0" ci="7" mb="0" cb="0"/><line nr="582" mi="0" ci="5" mb="0" cb="0"/><line nr="583" mi="0" ci="4" mb="0" cb="0"/><line nr="585" mi="0" ci="5" mb="0" cb="0"/><line nr="587" mi="0" ci="7" mb="0" cb="0"/><line nr="588" mi="0" ci="5" mb="0" cb="0"/><line nr="589" mi="0" ci="4" mb="0" cb="0"/><line nr="591" mi="0" ci="5" mb="0" cb="0"/><line nr="593" mi="0" ci="7" mb="0" cb="0"/><line nr="594" mi="0" ci="5" mb="0" cb="0"/><line nr="595" mi="0" ci="4" mb="0" cb="0"/><line nr="596" mi="0" ci="5" mb="0" cb="0"/><line nr="598" mi="0" ci="7" mb="0" cb="0"/><line nr="599" mi="0" ci="5" mb="0" cb="0"/><line nr="600" mi="0" ci="4" mb="0" cb="0"/><line nr="602" mi="0" ci="5" mb="0" cb="0"/><line nr="604" mi="0" ci="7" mb="0" cb="0"/><line nr="605" mi="0" ci="5" mb="0" cb="0"/><line nr="606" mi="0" ci="4" mb="0" cb="0"/><line nr="608" mi="0" ci="5" mb="0" cb="0"/><line nr="610" mi="0" ci="7" mb="0" cb="0"/><line nr="611" mi="0" ci="5" mb="0" cb="0"/><line nr="612" mi="0" ci="4" mb="0" cb="0"/><line nr="614" mi="0" ci="5" mb="0" cb="0"/><line nr="616" mi="0" ci="7" mb="0" cb="0"/><line nr="617" mi="0" ci="5" mb="0" cb="0"/><line nr="618" mi="0" ci="4" mb="0" cb="0"/><line nr="621" mi="0" ci="5" mb="0" cb="0"/><line nr="622" mi="0" ci="16" mb="0" cb="0"/><line nr="626" mi="11" ci="0" mb="0" cb="0"/><line nr="628" mi="3" ci="0" mb="0" cb="0"/><line nr="629" mi="1" ci="0" mb="0" cb="0"/><line nr="632" mi="0" ci="6" mb="0" cb="0"/><line nr="633" mi="0" ci="4" mb="0" cb="0"/><line nr="636" mi="0" ci="3" mb="0" cb="0"/><line nr="638" mi="0" ci="3" mb="0" cb="0"/><line nr="640" mi="0" ci="3" mb="0" cb="0"/><line nr="643" mi="0" ci="5" mb="0" cb="0"/><line nr="644" mi="0" ci="20" mb="0" cb="0"/><line nr="649" mi="4" ci="0" mb="0" cb="0"/><line nr="650" mi="4" ci="0" mb="0" cb="0"/><line nr="651" mi="1" ci="0" mb="0" cb="0"/><line nr="654" mi="0" ci="3" mb="0" cb="0"/><line nr="655" mi="0" ci="6" mb="0" cb="0"/><line nr="657" mi="0" ci="3" mb="0" cb="0"/><line nr="658" mi="0" ci="6" mb="0" cb="0"/><line nr="659" mi="0" ci="4" mb="0" cb="0"/><line nr="662" mi="0" ci="5" mb="0" cb="0"/><line nr="663" mi="0" ci="20" mb="0" cb="0"/><line nr="667" mi="4" ci="0" mb="0" cb="0"/><line nr="668" mi="4" ci="0" mb="0" cb="0"/><line nr="670" mi="1" ci="0" mb="0" cb="0"/><line nr="672" mi="0" ci="3" mb="0" cb="0"/><line nr="673" mi="0" ci="3" mb="0" cb="0"/><line nr="674" mi="0" ci="6" mb="0" cb="0"/><line nr="675" mi="0" ci="6" mb="0" cb="0"/><line nr="676" mi="0" ci="4" mb="0" cb="0"/><line nr="679" mi="0" ci="5" mb="0" cb="0"/><line nr="680" mi="0" ci="20" mb="0" cb="0"/><line nr="684" mi="4" ci="0" mb="0" cb="0"/><line nr="685" mi="4" ci="0" mb="0" cb="0"/><line nr="686" mi="1" ci="0" mb="0" cb="0"/><line nr="688" mi="0" ci="3" mb="0" cb="0"/><line nr="689" mi="0" ci="6" mb="0" cb="0"/><line nr="690" mi="0" ci="6" mb="0" cb="0"/><line nr="691" mi="0" ci="4" mb="0" cb="0"/><line nr="694" mi="0" ci="5" mb="0" cb="0"/><line nr="695" mi="0" ci="16" mb="0" cb="0"/><line nr="698" mi="4" ci="0" mb="0" cb="0"/><line nr="699" mi="1" ci="0" mb="0" cb="0"/><line nr="702" mi="0" ci="3" mb="0" cb="0"/><line nr="703" mi="0" ci="6" mb="0" cb="0"/><line nr="704" mi="0" ci="6" mb="0" cb="0"/><line nr="705" mi="0" ci="4" mb="0" cb="0"/><line nr="709" mi="0" ci="5" mb="0" cb="0"/><line nr="710" mi="0" ci="7" mb="0" cb="0"/><line nr="711" mi="0" ci="5" mb="0" cb="0"/><line nr="712" mi="0" ci="4" mb="0" cb="0"/><line nr="714" mi="0" ci="5" mb="0" cb="0"/><line nr="715" mi="0" ci="4" mb="0" cb="0"/><line nr="716" mi="0" ci="7" mb="0" cb="0"/><line nr="717" mi="0" ci="5" mb="0" cb="0"/><line nr="719" mi="0" ci="5" mb="0" cb="0"/><line nr="720" mi="0" ci="4" mb="0" cb="0"/><line nr="721" mi="0" ci="7" mb="0" cb="0"/><line nr="722" mi="0" ci="5" mb="0" cb="0"/><line nr="724" mi="0" ci="5" mb="0" cb="0"/><line nr="725" mi="0" ci="4" mb="0" cb="0"/><line nr="726" mi="0" ci="7" mb="0" cb="0"/><line nr="727" mi="0" ci="5" mb="0" cb="0"/><line nr="729" mi="0" ci="5" mb="0" cb="0"/><line nr="730" mi="0" ci="4" mb="0" cb="0"/><line nr="731" mi="0" ci="7" mb="0" cb="0"/><line nr="732" mi="0" ci="5" mb="0" cb="0"/><line nr="734" mi="0" ci="5" mb="0" cb="0"/><line nr="735" mi="0" ci="4" mb="0" cb="0"/><line nr="736" mi="0" ci="7" mb="0" cb="0"/><line nr="737" mi="0" ci="5" mb="0" cb="0"/><line nr="741" mi="0" ci="5" mb="0" cb="0"/><line nr="742" mi="0" ci="4" mb="0" cb="0"/><line nr="743" mi="0" ci="7" mb="0" cb="0"/><line nr="744" mi="0" ci="5" mb="0" cb="0"/><line nr="746" mi="0" ci="5" mb="0" cb="0"/><line nr="747" mi="0" ci="4" mb="0" cb="0"/><line nr="748" mi="0" ci="7" mb="0" cb="0"/><line nr="749" mi="0" ci="5" mb="0" cb="0"/><line nr="751" mi="0" ci="5" mb="0" cb="0"/><line nr="752" mi="0" ci="4" mb="0" cb="0"/><line nr="753" mi="0" ci="7" mb="0" cb="0"/><line nr="754" mi="0" ci="5" mb="0" cb="0"/><line nr="756" mi="0" ci="5" mb="0" cb="0"/><line nr="757" mi="0" ci="4" mb="0" cb="0"/><line nr="758" mi="0" ci="7" mb="0" cb="0"/><line nr="759" mi="0" ci="5" mb="0" cb="0"/><line nr="761" mi="0" ci="5" mb="0" cb="0"/><line nr="762" mi="0" ci="4" mb="0" cb="0"/><line nr="763" mi="0" ci="7" mb="0" cb="0"/><line nr="764" mi="0" ci="5" mb="0" cb="0"/><line nr="766" mi="0" ci="5" mb="0" cb="0"/><line nr="767" mi="0" ci="4" mb="0" cb="0"/><line nr="768" mi="0" ci="7" mb="0" cb="0"/><line nr="769" mi="0" ci="5" mb="0" cb="0"/><line nr="772" mi="0" ci="5" mb="0" cb="0"/><line nr="773" mi="0" ci="6" mb="0" cb="0"/><line nr="774" mi="0" ci="4" mb="0" cb="0"/><line nr="776" mi="0" ci="5" mb="0" cb="0"/><line nr="777" mi="0" ci="6" mb="0" cb="0"/><line nr="778" mi="0" ci="4" mb="0" cb="0"/><line nr="780" mi="0" ci="5" mb="0" cb="0"/><line nr="781" mi="0" ci="6" mb="0" cb="0"/><line nr="782" mi="0" ci="4" mb="0" cb="0"/><line nr="784" mi="0" ci="5" mb="0" cb="0"/><line nr="785" mi="0" ci="6" mb="0" cb="0"/><line nr="786" mi="0" ci="4" mb="0" cb="0"/><line nr="788" mi="0" ci="5" mb="0" cb="0"/><line nr="789" mi="0" ci="6" mb="0" cb="0"/><line nr="790" mi="0" ci="4" mb="0" cb="0"/><line nr="792" mi="0" ci="5" mb="0" cb="0"/><line nr="793" mi="0" ci="6" mb="0" cb="0"/><line nr="794" mi="0" ci="4" mb="0" cb="0"/><line nr="797" mi="0" ci="5" mb="0" cb="0"/><line nr="798" mi="0" ci="6" mb="0" cb="0"/><line nr="799" mi="0" ci="4" mb="0" cb="0"/><line nr="801" mi="0" ci="5" mb="0" cb="0"/><line nr="802" mi="0" ci="6" mb="0" cb="0"/><line nr="803" mi="0" ci="4" mb="0" cb="0"/><line nr="805" mi="0" ci="5" mb="0" cb="0"/><line nr="806" mi="0" ci="6" mb="0" cb="0"/><line nr="807" mi="0" ci="4" mb="0" cb="0"/><line nr="809" mi="0" ci="5" mb="0" cb="0"/><line nr="810" mi="0" ci="6" mb="0" cb="0"/><line nr="811" mi="0" ci="4" mb="0" cb="0"/><line nr="813" mi="0" ci="5" mb="0" cb="0"/><line nr="814" mi="0" ci="6" mb="0" cb="0"/><line nr="815" mi="0" ci="4" mb="0" cb="0"/><line nr="817" mi="0" ci="5" mb="0" cb="0"/><line nr="818" mi="0" ci="6" mb="0" cb="0"/><line nr="819" mi="0" ci="4" mb="0" cb="0"/><line nr="822" mi="0" ci="5" mb="0" cb="0"/><line nr="823" mi="0" ci="6" mb="0" cb="0"/><line nr="824" mi="0" ci="4" mb="0" cb="0"/><line nr="826" mi="0" ci="5" mb="0" cb="0"/><line nr="827" mi="0" ci="4" mb="0" cb="0"/><line nr="828" mi="0" ci="7" mb="0" cb="0"/><line nr="829" mi="0" ci="5" mb="0" cb="0"/><line nr="832" mi="0" ci="5" mb="0" cb="0"/><line nr="833" mi="0" ci="6" mb="0" cb="0"/><line nr="834" mi="0" ci="4" mb="0" cb="0"/><line nr="836" mi="0" ci="5" mb="0" cb="0"/><line nr="837" mi="0" ci="4" mb="0" cb="0"/><line nr="838" mi="0" ci="7" mb="0" cb="0"/><line nr="839" mi="0" ci="5" mb="0" cb="0"/><line nr="842" mi="0" ci="5" mb="0" cb="0"/><line nr="843" mi="0" ci="6" mb="0" cb="0"/><line nr="844" mi="0" ci="4" mb="0" cb="0"/><line nr="847" mi="0" ci="4" mb="0" cb="0"/><line nr="848" mi="0" ci="3" mb="0" cb="0"/><line nr="849" mi="0" ci="6" mb="0" cb="0"/><line nr="850" mi="0" ci="4" mb="0" cb="0"/><line nr="852" mi="0" ci="4" mb="0" cb="0"/><line nr="853" mi="0" ci="3" mb="0" cb="0"/><line nr="854" mi="0" ci="6" mb="0" cb="0"/><line nr="855" mi="0" ci="4" mb="0" cb="0"/><line nr="857" mi="0" ci="5" mb="0" cb="0"/><line nr="858" mi="0" ci="6" mb="0" cb="0"/><line nr="859" mi="0" ci="4" mb="0" cb="0"/><line nr="862" mi="0" ci="24" mb="0" cb="0"/><line nr="867" mi="4" ci="0" mb="0" cb="0"/><line nr="868" mi="4" ci="0" mb="0" cb="0"/><line nr="869" mi="4" ci="0" mb="0" cb="0"/><line nr="870" mi="7" ci="0" mb="0" cb="0"/><line nr="871" mi="7" ci="0" mb="0" cb="0"/><line nr="874" mi="4" ci="0" mb="4" cb="0"/><line nr="875" mi="5" ci="0" mb="0" cb="0"/><line nr="876" mi="57" ci="0" mb="0" cb="0"/><line nr="879" mi="57" ci="0" mb="0" cb="0"/><line nr="884" mi="2" ci="0" mb="0" cb="0"/><line nr="885" mi="16" ci="0" mb="2" cb="0"/><line nr="886" mi="2" ci="0" mb="2" cb="0"/><line nr="887" mi="5" ci="0" mb="0" cb="0"/><line nr="891" mi="2" ci="0" mb="0" cb="0"/><line nr="892" mi="16" ci="0" mb="2" cb="0"/><line nr="893" mi="2" ci="0" mb="2" cb="0"/><line nr="894" mi="5" ci="0" mb="0" cb="0"/><line nr="900" mi="6" ci="0" mb="0" cb="0"/><line nr="901" mi="6" ci="0" mb="0" cb="0"/><line nr="902" mi="20" ci="0" mb="0" cb="0"/><line nr="903" mi="19" ci="0" mb="0" cb="0"/><line nr="904" mi="4" ci="0" mb="0" cb="0"/><line nr="907" mi="5" ci="0" mb="0" cb="0"/><line nr="908" mi="5" ci="0" mb="0" cb="0"/><line nr="909" mi="5" ci="0" mb="0" cb="0"/><line nr="910" mi="5" ci="0" mb="0" cb="0"/><line nr="911" mi="5" ci="0" mb="0" cb="0"/><line nr="912" mi="5" ci="0" mb="0" cb="0"/><line nr="914" mi="5" ci="0" mb="0" cb="0"/><line nr="915" mi="5" ci="0" mb="0" cb="0"/><line nr="916" mi="5" ci="0" mb="0" cb="0"/><line nr="917" mi="5" ci="0" mb="0" cb="0"/><line nr="918" mi="5" ci="0" mb="0" cb="0"/><line nr="919" mi="5" ci="0" mb="0" cb="0"/><line nr="922" mi="4" ci="0" mb="0" cb="0"/><line nr="923" mi="4" ci="0" mb="0" cb="0"/><line nr="924" mi="1" ci="0" mb="0" cb="0"/><line nr="928" mi="0" ci="3" mb="0" cb="0"/><line nr="929" mi="0" ci="5" mb="0" cb="0"/><line nr="930" mi="0" ci="6" mb="0" cb="0"/><line nr="931" mi="0" ci="4" mb="0" cb="0"/><line nr="934" mi="0" ci="20" mb="0" cb="0"/><line nr="939" mi="4" ci="0" mb="0" cb="0"/><line nr="940" mi="4" ci="0" mb="0" cb="0"/><line nr="942" mi="1" ci="0" mb="0" cb="0"/><line nr="944" mi="0" ci="8" mb="0" cb="0"/><line nr="945" mi="0" ci="3" mb="0" cb="0"/><line nr="946" mi="0" ci="6" mb="0" cb="0"/><line nr="947" mi="0" ci="3" mb="0" cb="0"/><line nr="950" mi="0" ci="5" mb="0" cb="0"/><line nr="951" mi="0" ci="6" mb="0" cb="0"/><line nr="952" mi="0" ci="4" mb="0" cb="0"/><line nr="953" mi="0" ci="20" mb="0" cb="0"/><line nr="958" mi="4" ci="0" mb="0" cb="0"/><line nr="959" mi="4" ci="0" mb="0" cb="0"/><line nr="961" mi="1" ci="0" mb="0" cb="0"/><line nr="963" mi="0" ci="3" mb="0" cb="0"/><line nr="964" mi="0" ci="6" mb="0" cb="0"/><line nr="965" mi="0" ci="3" mb="0" cb="0"/><line nr="968" mi="0" ci="5" mb="0" cb="0"/><line nr="969" mi="0" ci="6" mb="0" cb="0"/><line nr="970" mi="0" ci="4" mb="0" cb="0"/><line nr="972" mi="0" ci="20" mb="0" cb="0"/><line nr="977" mi="4" ci="0" mb="0" cb="0"/><line nr="978" mi="4" ci="0" mb="0" cb="0"/><line nr="980" mi="1" ci="0" mb="0" cb="0"/><line nr="982" mi="0" ci="3" mb="0" cb="0"/><line nr="983" mi="0" ci="6" mb="0" cb="0"/><line nr="984" mi="0" ci="3" mb="0" cb="0"/><line nr="986" mi="0" ci="5" mb="0" cb="0"/><line nr="987" mi="0" ci="6" mb="0" cb="0"/><line nr="988" mi="0" ci="4" mb="0" cb="0"/><line nr="989" mi="0" ci="6" mb="0" cb="0"/><line nr="992" mi="0" ci="4" mb="0" cb="0"/><line nr="993" mi="0" ci="6" mb="0" cb="0"/><line nr="994" mi="0" ci="4" mb="0" cb="0"/><line nr="995" mi="0" ci="8" mb="0" cb="0"/><line nr="996" mi="0" ci="3" mb="0" cb="0"/><line nr="998" mi="0" ci="4" mb="0" cb="0"/><line nr="999" mi="0" ci="6" mb="0" cb="0"/><line nr="1000" mi="0" ci="4" mb="0" cb="0"/><line nr="1001" mi="0" ci="8" mb="0" cb="0"/><line nr="1002" mi="0" ci="3" mb="0" cb="0"/><line nr="1004" mi="0" ci="4" mb="0" cb="0"/><line nr="1005" mi="0" ci="6" mb="0" cb="0"/><line nr="1006" mi="0" ci="4" mb="0" cb="0"/><line nr="1007" mi="0" ci="8" mb="0" cb="0"/><line nr="1008" mi="0" ci="3" mb="0" cb="0"/><line nr="1010" mi="0" ci="1" mb="0" cb="0"/><counter type="INSTRUCTION" missed="789" covered="2568"/><counter type="BRANCH" missed="16" covered="0"/><counter type="LINE" missed="135" covered="459"/><counter type="COMPLEXITY" missed="31" covered="22"/><counter type="METHOD" missed="23" covered="22"/><counter type="CLASS" missed="1" covered="21"/></sourcefile><sourcefile name="Calculator.java"><line nr="9" mi="0" ci="3" mb="0" cb="0"/><line nr="17" mi="0" ci="8" mb="0" cb="0"/><line nr="19" mi="0" ci="4" mb="0" cb="0"/><line nr="22" mi="0" ci="8" mb="0" cb="0"/><line nr="24" mi="0" ci="4" mb="0" cb="0"/><line nr="27" mi="0" ci="2" mb="0" cb="0"/><line nr="36" mi="0" ci="8" mb="0" cb="0"/><line nr="38" mi="0" ci="4" mb="0" cb="0"/><line nr="41" mi="0" ci="8" mb="0" cb="0"/><line nr="43" mi="0" ci="4" mb="0" cb="0"/><line nr="46" mi="0" ci="2" mb="0" cb="0"/><line nr="51" mi="0" ci="3" mb="0" cb="0"/><line nr="52" mi="0" ci="3" mb="0" cb="0"/><line nr="53" mi="0" ci="3" mb="0" cb="0"/><line nr="54" mi="0" ci="3" mb="0" cb="0"/><line nr="55" mi="0" ci="3" mb="0" cb="0"/><line nr="60" mi="0" ci="4" mb="0" cb="0"/><line nr="61" mi="0" ci="8" mb="0" cb="0"/><line nr="62" mi="0" ci="8" mb="0" cb="0"/><line nr="63" mi="0" ci="4" mb="0" cb="0"/><line nr="65" mi="0" ci="2" mb="0" cb="0"/><line nr="72" mi="0" ci="4" mb="1" cb="1"/><line nr="74" mi="9" ci="0" mb="0" cb="0"/><line nr="77" mi="0" ci="6" mb="0" cb="0"/><line nr="79" mi="0" ci="2" mb="0" cb="0"/><line nr="84" mi="0" ci="3" mb="0" cb="0"/><line nr="85" mi="0" ci="3" mb="0" cb="0"/><line nr="86" mi="0" ci="3" mb="0" cb="0"/><line nr="87" mi="0" ci="3" mb="0" cb="0"/><line nr="88" mi="0" ci="3" mb="0" cb="0"/><line nr="92" mi="0" ci="4" mb="0" cb="0"/><line nr="93" mi="0" ci="8" mb="0" cb="0"/><line nr="94" mi="0" ci="8" mb="0" cb="0"/><line nr="95" mi="0" ci="4" mb="0" cb="0"/><line nr="97" mi="0" ci="2" mb="0" cb="0"/><counter type="INSTRUCTION" missed="9" covered="149"/><counter type="BRANCH" missed="1" covered="1"/><counter type="LINE" missed="1" covered="34"/><counter type="COMPLEXITY" missed="1" covered="6"/><counter type="METHOD" missed="0" covered="6"/><counter type="CLASS" missed="0" covered="1"/></sourcefile><sourcefile name="SearchChampion.java"><line nr="12" mi="0" ci="3" mb="0" cb="0"/><line nr="16" mi="0" ci="24" mb="0" cb="0"/><line nr="18" mi="0" ci="5" mb="0" cb="0"/><line nr="19" mi="0" ci="3" mb="0" cb="0"/><line nr="20" mi="0" ci="3" mb="0" cb="0"/><line nr="24" mi="0" ci="2" mb="0" cb="0"/><line nr="27" mi="0" ci="10" mb="0" cb="0"/><line nr="30" mi="0" ci="6" mb="0" cb="2"/><line nr="32" mi="0" ci="4" mb="0" cb="0"/><line nr="33" mi="0" ci="8" mb="0" cb="2"/><line nr="34" mi="0" ci="10" mb="0" cb="0"/><line nr="36" mi="0" ci="6" mb="0" cb="0"/><line nr="37" mi="0" ci="1" mb="0" cb="0"/><line nr="38" mi="0" ci="8" mb="0" cb="0"/><line nr="39" mi="0" ci="11" mb="0" cb="2"/><line nr="40" mi="0" ci="97" mb="0" cb="0"/><line nr="48" mi="1" ci="0" mb="0" cb="0"/><line nr="50" mi="2" ci="0" mb="0" cb="0"/><line nr="52" mi="1" ci="0" mb="0" cb="0"/><line nr="54" mi="2" ci="0" mb="0" cb="0"/><line nr="55" mi="1" ci="1" mb="0" cb="0"/><line nr="57" mi="0" ci="1" mb="0" cb="0"/><line nr="61" mi="0" ci="17" mb="1" cb="1"/><line nr="62" mi="0" ci="5" mb="0" cb="2"/><line nr="63" mi="0" ci="2" mb="0" cb="0"/><line nr="66" mi="2" ci="0" mb="0" cb="0"/><counter type="INSTRUCTION" missed="9" covered="227"/><counter type="BRANCH" missed="1" covered="9"/><counter type="LINE" missed="5" covered="21"/><counter type="COMPLEXITY" missed="1" covered="6"/><counter type="METHOD" missed="0" covered="2"/><counter type="CLASS" missed="0" covered="1"/></sourcefile><sourcefile name="Main.java"><line nr="5" mi="3" ci="0" mb="0" cb="0"/><line nr="10" mi="1" ci="0" mb="0" cb="0"/><counter type="INSTRUCTION" missed="4" covered="0"/><counter type="LINE" missed="2" covered="0"/><counter type="COMPLEXITY" missed="2" covered="0"/><counter type="METHOD" missed="2" covered="0"/><counter type="CLASS" missed="1" covered="0"/></sourcefile><sourcefile name="ChampionCompare.java"><line nr="28" mi="0" ci="5" mb="0" cb="0"/><line nr="29" mi="0" ci="5" mb="0" cb="0"/><line nr="34" mi="0" ci="2" mb="0" cb="0"/><line nr="36" mi="0" ci="3" mb="0" cb="0"/><line nr="37" mi="0" ci="3" mb="0" cb="0"/><line nr="41" mi="0" ci="6" mb="0" cb="0"/><line nr="42" mi="0" ci="5" mb="0" cb="0"/><line nr="43" mi="0" ci="10" mb="0" cb="0"/><line nr="44" mi="0" ci="4" mb="0" cb="0"/><line nr="45" mi="0" ci="4" mb="0" cb="0"/><line nr="49" mi="0" ci="5" mb="0" cb="0"/><line nr="50" mi="0" ci="12" mb="0" cb="0"/><line nr="53" mi="3" ci="0" mb="0" cb="0"/><line nr="54" mi="1" ci="0" mb="0" cb="0"/><line nr="59" mi="0" ci="6" mb="0" cb="0"/><line nr="60" mi="0" ci="5" mb="0" cb="0"/><line nr="63" mi="0" ci="5" mb="0" cb="0"/><line nr="64" mi="0" ci="7" mb="0" cb="0"/><line nr="65" mi="0" ci="6" mb="0" cb="0"/><line nr="66" mi="0" ci="4" mb="0" cb="0"/><line nr="69" mi="0" ci="5" mb="0" cb="0"/><line nr="70" mi="0" ci="7" mb="0" cb="0"/><line nr="71" mi="0" ci="6" mb="0" cb="0"/><line nr="72" mi="0" ci="4" mb="0" cb="0"/><line nr="75" mi="0" ci="5" mb="0" cb="0"/><line nr="76" mi="0" ci="6" mb="0" cb="0"/><line nr="77" mi="0" ci="5" mb="0" cb="0"/><line nr="80" mi="0" ci="5" mb="0" cb="0"/><line nr="81" mi="0" ci="6" mb="0" cb="0"/><line nr="82" mi="0" ci="5" mb="0" cb="0"/><line nr="85" mi="0" ci="5" mb="0" cb="0"/><line nr="86" mi="0" ci="6" mb="0" cb="0"/><line nr="87" mi="0" ci="5" mb="0" cb="0"/><line nr="90" mi="0" ci="5" mb="0" cb="0"/><line nr="91" mi="0" ci="15" mb="0" cb="0"/><line nr="93" mi="0" ci="5" mb="0" cb="0"/><line nr="94" mi="0" ci="7" mb="0" cb="0"/><line nr="99" mi="5" ci="0" mb="0" cb="0"/><line nr="100" mi="6" ci="0" mb="0" cb="0"/><line nr="101" mi="5" ci="0" mb="0" cb="0"/><line nr="102" mi="5" ci="0" mb="0" cb="0"/><line nr="103" mi="5" ci="0" mb="0" cb="0"/><line nr="104" mi="5" ci="0" mb="0" cb="0"/><line nr="105" mi="7" ci="0" mb="0" cb="0"/><line nr="106" mi="8" ci="0" mb="0" cb="0"/><line nr="107" mi="7" ci="0" mb="0" cb="0"/><line nr="109" mi="5" ci="0" mb="0" cb="0"/><line nr="113" mi="5" ci="0" mb="0" cb="0"/><line nr="114" mi="5" ci="0" mb="0" cb="0"/><line nr="115" mi="1" ci="0" mb="0" cb="0"/><line nr="119" mi="0" ci="6" mb="0" cb="0"/><line nr="120" mi="0" ci="5" mb="0" cb="0"/><line nr="123" mi="0" ci="4" mb="0" cb="0"/><line nr="124" mi="0" ci="4" mb="0" cb="0"/><line nr="125" mi="0" ci="1" mb="0" cb="0"/><line nr="131" mi="5" ci="0" mb="0" cb="0"/><line nr="132" mi="6" ci="0" mb="0" cb="0"/><line nr="135" mi="5" ci="0" mb="0" cb="0"/><line nr="136" mi="5" ci="0" mb="0" cb="0"/><line nr="137" mi="5" ci="0" mb="0" cb="0"/><line nr="138" mi="5" ci="0" mb="0" cb="0"/><line nr="139" mi="5" ci="0" mb="0" cb="0"/><line nr="140" mi="5" ci="0" mb="0" cb="0"/><line nr="141" mi="5" ci="0" mb="0" cb="0"/><line nr="144" mi="3" ci="0" mb="0" cb="0"/><line nr="145" mi="4" ci="0" mb="0" cb="0"/><line nr="148" mi="6" ci="0" mb="0" cb="0"/><line nr="149" mi="6" ci="0" mb="0" cb="0"/><line nr="151" mi="8" ci="0" mb="2" cb="0"/><line nr="152" mi="9" ci="0" mb="0" cb="0"/><line nr="154" mi="8" ci="0" mb="2" cb="0"/><line nr="155" mi="9" ci="0" mb="0" cb="0"/><line nr="160" mi="22" ci="0" mb="0" cb="0"/><line nr="161" mi="22" ci="0" mb="0" cb="0"/><line nr="162" mi="5" ci="0" mb="0" cb="0"/><line nr="163" mi="5" ci="0" mb="0" cb="0"/><line nr="168" mi="24" ci="0" mb="0" cb="0"/><line nr="169" mi="24" ci="0" mb="0" cb="0"/><line nr="170" mi="5" ci="0" mb="0" cb="0"/><line nr="171" mi="24" ci="0" mb="0" cb="0"/><line nr="172" mi="24" ci="0" mb="0" cb="0"/><line nr="173" mi="15" ci="0" mb="0" cb="0"/><line nr="174" mi="15" ci="0" mb="0" cb="0"/><line nr="177" mi="24" ci="0" mb="0" cb="0"/><line nr="178" mi="24" ci="0" mb="0" cb="0"/><line nr="179" mi="5" ci="0" mb="0" cb="0"/><line nr="180" mi="24" ci="0" mb="0" cb="0"/><line nr="181" mi="24" ci="0" mb="0" cb="0"/><line nr="182" mi="15" ci="0" mb="0" cb="0"/><line nr="183" mi="15" ci="0" mb="0" cb="0"/><line nr="186" mi="7" ci="0" mb="0" cb="0"/><line nr="187" mi="6" ci="0" mb="0" cb="0"/><line nr="188" mi="7" ci="0" mb="0" cb="0"/><line nr="189" mi="6" ci="0" mb="0" cb="0"/><line nr="192" mi="6" ci="0" mb="0" cb="0"/><line nr="193" mi="5" ci="0" mb="0" cb="0"/><line nr="194" mi="6" ci="0" mb="0" cb="0"/><line nr="195" mi="5" ci="0" mb="0" cb="0"/><line nr="196" mi="6" ci="0" mb="0" cb="0"/><line nr="197" mi="5" ci="0" mb="0" cb="0"/><line nr="198" mi="6" ci="0" mb="0" cb="0"/><line nr="199" mi="5" ci="0" mb="0" cb="0"/><line nr="200" mi="6" ci="0" mb="0" cb="0"/><line nr="201" mi="5" ci="0" mb="0" cb="0"/><line nr="202" mi="6" ci="0" mb="0" cb="0"/><line nr="203" mi="5" ci="0" mb="0" cb="0"/><line nr="204" mi="6" ci="0" mb="0" cb="0"/><line nr="205" mi="5" ci="0" mb="0" cb="0"/><line nr="206" mi="6" ci="0" mb="0" cb="0"/><line nr="207" mi="5" ci="0" mb="0" cb="0"/><line nr="208" mi="6" ci="0" mb="0" cb="0"/><line nr="209" mi="5" ci="0" mb="0" cb="0"/><line nr="210" mi="6" ci="0" mb="0" cb="0"/><line nr="211" mi="5" ci="0" mb="0" cb="0"/><line nr="212" mi="6" ci="0" mb="0" cb="0"/><line nr="213" mi="5" ci="0" mb="0" cb="0"/><line nr="214" mi="6" ci="0" mb="0" cb="0"/><line nr="215" mi="5" ci="0" mb="0" cb="0"/><line nr="216" mi="6" ci="0" mb="0" cb="0"/><line nr="217" mi="5" ci="0" mb="0" cb="0"/><line nr="218" mi="6" ci="0" mb="0" cb="0"/><line nr="219" mi="5" ci="0" mb="0" cb="0"/><line nr="220" mi="6" ci="0" mb="0" cb="0"/><line nr="221" mi="5" ci="0" mb="0" cb="0"/><line nr="222" mi="6" ci="0" mb="0" cb="0"/><line nr="223" mi="5" ci="0" mb="0" cb="0"/><line nr="224" mi="6" ci="0" mb="0" cb="0"/><line nr="225" mi="5" ci="0" mb="0" cb="0"/><line nr="226" mi="6" ci="0" mb="0" cb="0"/><line nr="227" mi="5" ci="0" mb="0" cb="0"/><line nr="228" mi="6" ci="0" mb="0" cb="0"/><line nr="229" mi="5" ci="0" mb="0" cb="0"/><line nr="230" mi="6" ci="0" mb="0" cb="0"/><line nr="231" mi="5" ci="0" mb="0" cb="0"/><line nr="232" mi="6" ci="0" mb="0" cb="0"/><line nr="233" mi="5" ci="0" mb="0" cb="0"/><line nr="237" mi="4" ci="0" mb="0" cb="0"/><line nr="238" mi="4" ci="0" mb="0" cb="0"/><line nr="239" mi="1" ci="0" mb="0" cb="0"/><counter type="INSTRUCTION" missed="754" covered="219"/><counter type="BRANCH" missed="4" covered="0"/><counter type="LINE" missed="99" covered="40"/><counter type="COMPLEXITY" missed="5" covered="3"/><counter type="METHOD" missed="3" covered="3"/><counter type="CLASS" missed="0" covered="3"/></sourcefile><sourcefile name="Champion.java"><line nr="20" mi="0" ci="2" mb="0" cb="0"/><line nr="22" mi="0" ci="3" mb="0" cb="0"/><line nr="23" mi="0" ci="3" mb="0" cb="0"/><line nr="24" mi="0" ci="3" mb="0" cb="0"/><line nr="25" mi="0" ci="3" mb="0" cb="0"/><line nr="26" mi="0" ci="3" mb="0" cb="0"/><line nr="27" mi="0" ci="3" mb="0" cb="0"/><line nr="28" mi="0" ci="3" mb="0" cb="0"/><line nr="29" mi="0" ci="3" mb="0" cb="0"/><line nr="30" mi="0" ci="3" mb="0" cb="0"/><line nr="31" mi="0" ci="3" mb="0" cb="0"/><line nr="32" mi="0" ci="3" mb="0" cb="0"/><line nr="33" mi="0" ci="3" mb="0" cb="0"/><line nr="34" mi="0" ci="3" mb="0" cb="0"/><line nr="35" mi="0" ci="1" mb="0" cb="0"/><line nr="37" mi="0" ci="2" mb="0" cb="0"/><line nr="38" mi="0" ci="3" mb="0" cb="0"/><line nr="39" mi="0" ci="3" mb="0" cb="0"/><line nr="40" mi="0" ci="3" mb="0" cb="0"/><line nr="41" mi="0" ci="3" mb="0" cb="0"/><line nr="42" mi="0" ci="3" mb="0" cb="0"/><line nr="43" mi="0" ci="3" mb="0" cb="0"/><line nr="44" mi="0" ci="3" mb="0" cb="0"/><line nr="45" mi="0" ci="3" mb="0" cb="0"/><line nr="46" mi="0" ci="3" mb="0" cb="0"/><line nr="47" mi="0" ci="3" mb="0" cb="0"/><line nr="48" mi="0" ci="3" mb="0" cb="0"/><line nr="49" mi="0" ci="3" mb="0" cb="0"/><line nr="50" mi="0" ci="3" mb="0" cb="0"/><line nr="51" mi="0" ci="1" mb="0" cb="0"/><line nr="54" mi="0" ci="92" mb="0" cb="0"/><line nr="58" mi="0" ci="2" mb="0" cb="0"/><line nr="62" mi="0" ci="9" mb="0" cb="0"/><line nr="66" mi="0" ci="9" mb="0" cb="0"/><line nr="70" mi="0" ci="19" mb="0" cb="0"/><line nr="71" mi="0" ci="2" mb="0" cb="0"/><line nr="75" mi="0" ci="3" mb="0" cb="0"/><line nr="79" mi="0" ci="19" mb="0" cb="0"/><line nr="80" mi="0" ci="3" mb="0" cb="0"/><line nr="83" mi="0" ci="19" mb="0" cb="0"/><line nr="84" mi="0" ci="3" mb="0" cb="0"/><line nr="87" mi="0" ci="19" mb="0" cb="0"/><line nr="88" mi="0" ci="3" mb="0" cb="0"/><counter type="INSTRUCTION" missed="0" covered="286"/><counter type="LINE" missed="0" covered="43"/><counter type="COMPLEXITY" missed="0" covered="10"/><counter type="METHOD" missed="0" covered="10"/><counter type="CLASS" missed="0" covered="1"/></sourcefile><counter type="INSTRUCTION" missed="2110" covered="4064"/><counter type="BRANCH" missed="25" covered="19"/><counter type="LINE" missed="326" covered="685"/><counter type="COMPLEXITY" missed="45" covered="66"/><counter type="METHOD" missed="31" covered="58"/><counter type="CLASS" missed="2" covered="32"/></package><counter type="INSTRUCTION" missed="2110" covered="4064"/><counter type="BRANCH" missed="25" covered="19"/><counter type="LINE" missed="326" covered="685"/><counter type="COMPLEXITY" missed="45" covered="66"/><counter type="METHOD" missed="31" covered="58"/><counter type="CLASS" missed="2" covered="32"/></report>